9/14/2021, 12:34:51 PM - INFO - Server is running on port: 3030
9/14/2021, 12:42:49 PM - INFO - Server is running on port: 3030
9/14/2021, 12:47:44 PM - INFO - Server is running on port: 3030
9/14/2021, 12:47:55 PM - INFO - Server is running on port: 3030
9/14/2021, 12:55:49 PM - INFO - Server is running on port: 3030
9/14/2021, 12:56:00 PM - INFO - Server is running on port: 3030
9/14/2021, 12:56:05 PM - INFO - Server is running on port: 3030
9/14/2021, 12:56:27 PM - INFO - Server is running on port: 3030
9/14/2021, 12:56:38 PM - INFO - Req!!!
9/14/2021, 12:57:17 PM - INFO - Server is running on port: 3030
5/16/2022, 1:24:37 PM - INFO - Server is running on port: 3030
5/16/2022, 1:24:47 PM - INFO - Req!!!
5/16/2022, 1:29:44 PM - INFO - Server is running on port: 3030
5/16/2022, 1:38:14 PM - INFO - Server is running on port: 3030
5/16/2022, 1:39:58 PM - INFO - Server is running on port: 3030
5/16/2022, 1:54:04 PM - INFO - Server is running on port: 3030
5/16/2022, 1:54:09 PM - INFO - Req!!!
5/16/2022, 1:54:09 PM - DEBUG - Getting Toys
5/16/2022, 1:55:17 PM - INFO - Server is running on port: 3030
5/16/2022, 1:55:24 PM - INFO - Server is running on port: 3030
5/16/2022, 1:55:50 PM - INFO - Req was made
5/16/2022, 1:55:50 PM - DEBUG - Getting Toys
9/11/2022, 12:49:19 PM - INFO - Server is running on port: 3030
9/11/2022, 12:50:51 PM - INFO - Server is running on port: 3030
9/11/2022, 12:51:00 PM - DEBUG - Getting Toys
9/11/2022, 12:51:23 PM - INFO - Server is running on port: 3030
9/11/2022, 12:51:25 PM - DEBUG - Getting Toys
9/11/2022, 12:52:39 PM - INFO - Server is running on port: 3030
9/11/2022, 12:55:15 PM - INFO - Server is running on port: 3030
9/11/2022, 12:55:43 PM - INFO - Server is running on port: 3030
9/11/2022, 1:02:04 PM - INFO - Server is running on port: 3030
9/11/2022, 1:02:33 PM - INFO - Server is running on port: 3030
9/11/2022, 1:10:57 PM - INFO - Server is running on port: 3030
9/11/2022, 1:12:29 PM - DEBUG - Getting Toys
9/11/2022, 1:13:21 PM - DEBUG - auth.service - signup with username: guli, fullname: Guli Yat112233
9/11/2022, 1:13:21 PM - DEBUG - auth.route - new account created: {"username":"guli","password":"$2b$10$Ue4vHCrHI1IaXKPkfwSoYOO6e5DQHbSG/Zf6OEtNMEmJVT.3h.v4y","fullname":"Guli Yat112233","score":0,"_id":"631db4c1c4d96900f845e12c"}
9/11/2022, 1:13:21 PM - DEBUG - auth.service - login with username: guli
9/11/2022, 1:13:21 PM - INFO - User login:  | {"_id":"631db4c1c4d96900f845e12c","username":"guli","fullname":"Guli Yat112233","score":0}
9/11/2022, 1:14:38 PM - DEBUG - auth.service - login with username: guli
9/11/2022, 1:14:38 PM - INFO - User login:  | {"_id":"631db4c1c4d96900f845e12c","username":"guli","fullname":"Guli Yat112233","score":0}
9/11/2022, 1:15:06 PM - INFO - Server is running on port: 3030
9/11/2022, 1:15:08 PM - DEBUG - auth.service - login with username: guli
9/11/2022, 1:15:08 PM - ERROR - Failed to Login ReferenceError: user is not defined
9/11/2022, 1:15:16 PM - DEBUG - auth.service - login with username: guli
9/11/2022, 1:15:16 PM - ERROR - Failed to Login ReferenceError: user is not defined
9/11/2022, 1:15:26 PM - INFO - Server is running on port: 3030
9/11/2022, 1:15:35 PM - DEBUG - auth.service - login with username: guli
9/11/2022, 1:15:35 PM - INFO - User login:  | {"_id":"631db4c1c4d96900f845e12c","username":"guli","fullname":"Guli Yat112233","score":0}
9/11/2022, 1:20:10 PM - INFO - Server is running on port: 3030
9/11/2022, 1:21:14 PM - INFO - Server is running on port: 3030
9/11/2022, 1:21:19 PM - INFO - Server is running on port: 3030
9/11/2022, 1:21:26 PM - INFO - Server is running on port: 3030
9/11/2022, 1:21:40 PM - INFO - Server is running on port: 3030
9/11/2022, 1:21:49 PM - INFO - Server is running on port: 3030
9/11/2022, 1:21:52 PM - INFO - Server is running on port: 3030
9/11/2022, 4:56:36 PM - INFO - Server is running on port: 3030
9/11/2022, 4:58:59 PM - DEBUG - Getting Toys
9/11/2022, 5:08:46 PM - INFO - Server is running on port: 3030
9/11/2022, 5:25:22 PM - INFO - Server is running on port: 3030
9/11/2022, 5:27:40 PM - INFO - Server is running on port: 3030
9/11/2022, 5:32:06 PM - ERROR - Failed to get toy | {}
9/11/2022, 5:33:12 PM - DEBUG - Getting Toys
9/11/2022, 5:34:26 PM - INFO - Server is running on port: 3030
9/11/2022, 5:34:29 PM - DEBUG - Getting Toys
9/11/2022, 5:34:38 PM - INFO - Server is running on port: 3030
9/11/2022, 5:35:24 PM - ERROR - Failed to get toy | {}
9/11/2022, 5:35:35 PM - ERROR - Failed to get toy | {}
9/11/2022, 5:36:16 PM - INFO - Server is running on port: 3030
9/11/2022, 5:36:18 PM - ERROR - Failed to get toy | {}
9/11/2022, 5:36:33 PM - ERROR - Failed to get toy | {}
9/11/2022, 5:37:43 PM - INFO - Server is running on port: 3030
9/11/2022, 5:37:46 PM - INFO - Server is running on port: 3030
9/11/2022, 5:37:51 PM - ERROR - Failed to get toy | {}
9/11/2022, 5:38:36 PM - ERROR - Failed to get toy | {}
9/11/2022, 5:38:59 PM - ERROR - Failed to get toy | {}
9/11/2022, 5:40:31 PM - ERROR - Failed to get toy | {}
9/11/2022, 5:41:39 PM - INFO - Server is running on port: 3030
9/11/2022, 5:41:41 PM - ERROR - Failed to get toy | {}
9/11/2022, 5:42:07 PM - INFO - Server is running on port: 3030
9/11/2022, 5:42:16 PM - INFO - Server is running on port: 3030
9/11/2022, 5:42:26 PM - INFO - Server is running on port: 3030
9/11/2022, 5:42:31 PM - ERROR - while finding toy 631de364e2d99d701b3ebae6 | {}
9/11/2022, 5:42:31 PM - ERROR - Failed to get toy | {}
9/11/2022, 5:42:54 PM - INFO - Server is running on port: 3030
9/11/2022, 5:42:57 PM - ERROR - while finding toy 631de364e2d99d701b3ebae6 | {}
9/11/2022, 5:42:57 PM - ERROR - Failed to get toy | {}
9/11/2022, 5:43:22 PM - INFO - Server is running on port: 3030
9/11/2022, 5:43:26 PM - INFO - Server is running on port: 3030
9/11/2022, 5:43:32 PM - INFO - Server is running on port: 3030
9/11/2022, 5:43:53 PM - INFO - Server is running on port: 3030
9/11/2022, 5:46:54 PM - INFO - Server is running on port: 3030
9/11/2022, 5:48:39 PM - INFO - Server is running on port: 3030
9/11/2022, 5:49:45 PM - INFO - Server is running on port: 3030
9/11/2022, 6:01:18 PM - INFO - Server is running on port: 3030
9/11/2022, 6:05:06 PM - INFO - Server is running on port: 3030
9/11/2022, 6:05:18 PM - INFO - Server is running on port: 3030
9/11/2022, 6:05:21 PM - INFO - Server is running on port: 3030
9/11/2022, 6:05:31 PM - INFO - Server is running on port: 3030
9/11/2022, 6:05:54 PM - INFO - Server is running on port: 3030
9/11/2022, 6:06:24 PM - INFO - Server is running on port: 3030
9/11/2022, 6:19:13 PM - INFO - Server is running on port: 3030
9/11/2022, 6:20:21 PM - INFO - Server is running on port: 3030
9/11/2022, 6:27:11 PM - INFO - Server is running on port: 3030
9/11/2022, 6:29:26 PM - INFO - Server is running on port: 3030
9/11/2022, 6:29:31 PM - INFO - Server is running on port: 3030
9/11/2022, 6:29:38 PM - INFO - Server is running on port: 3030
9/11/2022, 6:33:20 PM - INFO - Server is running on port: 3030
9/11/2022, 6:33:30 PM - INFO - Server is running on port: 3030
9/11/2022, 6:33:53 PM - INFO - Server is running on port: 3030
9/11/2022, 6:38:46 PM - DEBUG - Getting Toys
9/11/2022, 6:39:05 PM - DEBUG - Getting Toys
9/11/2022, 6:39:05 PM - DEBUG - Getting Toys
9/11/2022, 6:39:07 PM - DEBUG - Getting Toys
9/11/2022, 6:39:19 PM - DEBUG - Getting Toys
9/11/2022, 6:41:05 PM - DEBUG - Getting Toys
9/11/2022, 6:46:35 PM - DEBUG - Getting Toys
9/11/2022, 6:47:35 PM - DEBUG - Getting Toys
9/11/2022, 6:50:06 PM - DEBUG - Getting Toys
9/11/2022, 6:52:47 PM - DEBUG - Getting Toys
9/11/2022, 6:52:54 PM - DEBUG - Getting Toys
9/11/2022, 6:53:04 PM - DEBUG - Getting Toys
9/11/2022, 7:05:27 PM - DEBUG - Getting Toys
9/11/2022, 7:05:32 PM - DEBUG - Getting Toys
9/11/2022, 7:20:36 PM - DEBUG - Getting Toys
9/11/2022, 7:24:39 PM - DEBUG - Getting Toys
9/11/2022, 7:25:05 PM - DEBUG - Getting Toys
9/11/2022, 7:29:51 PM - DEBUG - Getting Toys
9/11/2022, 7:30:07 PM - DEBUG - Getting Toys
9/11/2022, 8:57:05 PM - INFO - Server is running on port: 3030
9/11/2022, 8:58:28 PM - INFO - Server is running on port: 3030
9/11/2022, 9:03:18 PM - INFO - Server is running on port: 3030
9/11/2022, 9:03:27 PM - INFO - Server is running on port: 3030
9/11/2022, 9:05:10 PM - INFO - Server is running on port: 3030
9/11/2022, 9:08:26 PM - DEBUG - auth.service - login with username: admin
9/11/2022, 9:08:26 PM - ERROR - Failed to Login Invalid username or password
9/11/2022, 9:09:13 PM - INFO - Server is running on port: 3030
9/11/2022, 9:09:44 PM - INFO - Server is running on port: 3030
9/11/2022, 9:12:31 PM - DEBUG - auth.service - signup with username: admin, fullname: admin
9/11/2022, 9:12:31 PM - DEBUG - auth.route - new account created: {"username":"admin","password":"$2b$10$d1dVcXYuH1ycjDI1nRXiiekRovK0jo6o9E6za0zu.bp9NNb3WiTvO","fullname":"admin","score":0,"_id":"631e250f8ff04b63b8dfc5ae"}
9/11/2022, 9:12:31 PM - DEBUG - auth.service - login with username: admin
9/11/2022, 9:12:31 PM - INFO - User login:  | {"_id":"631e250f8ff04b63b8dfc5ae","username":"admin","fullname":"admin","score":0}
9/11/2022, 9:13:00 PM - DEBUG - auth.service - signup with username: admin, fullname: admin
9/11/2022, 9:13:00 PM - DEBUG - auth.route - new account created: {"username":"admin","password":"$2b$10$.Ra9KS9ogXB.cM9lVdT/2O1sCg2h1v11A.OvH72fprsS5IuY70Zyi","fullname":"admin","score":0,"_id":"631e252c8ff04b63b8dfc5af"}
9/11/2022, 9:13:00 PM - DEBUG - auth.service - login with username: admin
9/11/2022, 9:13:00 PM - INFO - User login:  | {"_id":"631e252c8ff04b63b8dfc5af","username":"admin","fullname":"admin","score":0}
9/11/2022, 9:15:18 PM - DEBUG - auth.service - login with username: admin
9/11/2022, 9:15:18 PM - INFO - User login:  | {"_id":"631e252c8ff04b63b8dfc5af","username":"admin","fullname":"admin","score":0,"isAdmin":true}
9/11/2022, 9:22:52 PM - DEBUG - auth.service - login with username: undefined
9/11/2022, 9:22:52 PM - ERROR - Failed to Login TypeError: Cannot read properties of null (reading 'password')
9/11/2022, 9:23:15 PM - DEBUG - auth.service - login with username: undefined
9/11/2022, 9:23:15 PM - ERROR - Failed to Login TypeError: Cannot read properties of null (reading 'password')
9/11/2022, 9:23:26 PM - DEBUG - auth.service - login with username: undefined
9/11/2022, 9:23:26 PM - ERROR - Failed to Login TypeError: Cannot read properties of null (reading 'password')
9/11/2022, 9:23:49 PM - DEBUG - auth.service - login with username: undefined
9/11/2022, 9:23:49 PM - ERROR - Failed to Login TypeError: Cannot read properties of null (reading 'password')
9/11/2022, 9:25:35 PM - DEBUG - auth.service - login with username: undefined
9/11/2022, 9:25:35 PM - ERROR - Failed to Login TypeError: Cannot read properties of null (reading 'password')
9/11/2022, 9:27:41 PM - DEBUG - auth.service - login with username: undefined
9/11/2022, 9:27:41 PM - ERROR - Failed to Login TypeError: Cannot read properties of null (reading 'password')
9/11/2022, 9:30:25 PM - DEBUG - auth.service - signup with username: undefined, fullname: undefined
9/11/2022, 9:30:25 PM - ERROR - Failed to signup fullname, username and password are required!
9/11/2022, 9:31:41 PM - DEBUG - auth.service - signup with username: undefined, fullname: undefined
9/11/2022, 9:31:41 PM - ERROR - Failed to signup fullname, username and password are required!
9/11/2022, 9:32:11 PM - DEBUG - auth.service - signup with username: undefined, fullname: undefined
9/11/2022, 9:32:11 PM - ERROR - Failed to signup fullname, username and password are required!
9/11/2022, 9:32:48 PM - INFO - Server is running on port: 3030
9/11/2022, 9:32:53 PM - DEBUG - auth.service - signup with username: undefined, fullname: undefined
9/11/2022, 9:32:53 PM - ERROR - Failed to signup fullname, username and password are required!
9/11/2022, 9:34:34 PM - DEBUG - auth.service - signup with username: admin, fullname: admin
9/11/2022, 9:34:35 PM - DEBUG - auth.route - new account created: {"username":"admin","password":"$2b$10$uoNkVcTEIRsphL19xzLniu7us4tyVlTkTkk6518irxjrRI6GVJ17W","fullname":"admin","score":0,"_id":"631e2a3ba8fe1d646319ebca"}
9/11/2022, 9:34:35 PM - DEBUG - auth.service - login with username: admin
9/11/2022, 9:34:35 PM - INFO - User login:  | {"_id":"631e2a3ba8fe1d646319ebca","username":"admin","fullname":"admin","score":0}
9/11/2022, 9:36:17 PM - DEBUG - auth.service - login with username: undefined
9/11/2022, 9:36:17 PM - ERROR - Failed to Login TypeError: Cannot read properties of null (reading 'password')
9/11/2022, 9:36:20 PM - DEBUG - auth.service - login with username: undefined
9/11/2022, 9:36:20 PM - ERROR - Failed to Login TypeError: Cannot read properties of null (reading 'password')
9/11/2022, 9:36:42 PM - DEBUG - auth.service - login with username: undefined
9/11/2022, 9:36:42 PM - ERROR - Failed to Login TypeError: Cannot read properties of null (reading 'password')
9/11/2022, 9:37:03 PM - DEBUG - auth.service - login with username: admin
9/11/2022, 9:37:03 PM - INFO - User login:  | {"_id":"631e2a3ba8fe1d646319ebca","username":"admin","fullname":"admin","score":0,"isAdmin":true}
9/11/2022, 9:37:18 PM - DEBUG - auth.service - login with username: admin
9/11/2022, 9:37:19 PM - INFO - User login:  | {"_id":"631e2a3ba8fe1d646319ebca","username":"admin","fullname":"admin","score":0,"isAdmin":true}
9/11/2022, 9:39:31 PM - INFO - Server is running on port: 3030
9/11/2022, 9:50:34 PM - INFO - Server is running on port: 3030
9/11/2022, 9:54:10 PM - DEBUG - Getting Toys
9/11/2022, 10:05:46 PM - INFO - Server is running on port: 3030
9/11/2022, 10:19:50 PM - DEBUG - Getting Toys
9/11/2022, 10:25:53 PM - DEBUG - Getting Toys
9/11/2022, 10:26:16 PM - DEBUG - Getting Toys
9/11/2022, 10:26:25 PM - DEBUG - Getting Toys
9/11/2022, 10:26:51 PM - DEBUG - Getting Toys
9/11/2022, 10:34:45 PM - DEBUG - Getting Toys
9/11/2022, 10:53:50 PM - DEBUG - Getting Toys
9/11/2022, 10:59:00 PM - INFO - Server is running on port: 3030
9/11/2022, 10:59:32 PM - DEBUG - Getting Toys
9/11/2022, 11:05:43 PM - INFO - Server is running on port: 3030
9/11/2022, 11:08:37 PM - DEBUG - Getting Toys
9/11/2022, 11:29:16 PM - DEBUG - Getting Toys
9/11/2022, 11:32:45 PM - DEBUG - Getting Toys
9/11/2022, 11:37:06 PM - DEBUG - Getting Toys
9/11/2022, 11:37:36 PM - DEBUG - Getting Toys
9/11/2022, 11:40:12 PM - DEBUG - auth.service - signup with username: asdad, fullname: leeee
9/11/2022, 11:40:12 PM - DEBUG - auth.route - new account created: {"username":"asdad","password":"$2b$10$zye8rqwR7LJJVCJhL1CWBOsBG.UuCasF.XA4bfTp2un/9Dr5/RJhq","fullname":"leeee","score":0,"_id":"631e47acd3afec68db6610c7"}
9/11/2022, 11:40:12 PM - DEBUG - auth.service - login with username: asdad
9/11/2022, 11:40:12 PM - INFO - User login:  | {"_id":"631e47acd3afec68db6610c7","username":"asdad","fullname":"leeee","score":0}
9/11/2022, 11:44:40 PM - INFO - Server is running on port: 3030
9/11/2022, 11:46:29 PM - DEBUG - Getting Toys
9/11/2022, 11:51:17 PM - DEBUG - Getting Toys
9/12/2022, 12:00:51 AM - DEBUG - Getting Toys
9/12/2022, 12:01:51 AM - DEBUG - Getting Toys
9/12/2022, 12:02:07 AM - DEBUG - Getting Toys
9/12/2022, 12:03:03 AM - DEBUG - Getting Toys
9/12/2022, 12:03:16 AM - DEBUG - Getting Toys
9/12/2022, 12:04:01 AM - DEBUG - Getting Toys
9/12/2022, 12:04:17 AM - DEBUG - auth.service - signup with username: lolololo, fullname: lelelele
9/12/2022, 12:04:17 AM - DEBUG - auth.route - new account created: {"username":"lolololo","password":"$2b$10$dHei0VwDWotl/INR3d6on.ebdNSsR8yO/dcNlFDHmeCg0xo0x3oH2","fullname":"lelelele","score":0,"_id":"631e4d511869be6aede9c2ab"}
9/12/2022, 12:04:17 AM - DEBUG - auth.service - login with username: lolololo
9/12/2022, 12:04:18 AM - INFO - User login:  | {"_id":"631e4d511869be6aede9c2ab","username":"lolololo","fullname":"lelelele","score":0}
9/12/2022, 9:17:45 AM - INFO - Server is running on port: 3030
9/12/2022, 2:25:25 PM - INFO - Server is running on port: 3030
9/12/2022, 2:25:30 PM - DEBUG - Getting Toys
9/12/2022, 3:04:58 PM - DEBUG - Getting Toys
9/12/2022, 3:06:04 PM - DEBUG - Getting Toys
9/12/2022, 3:06:20 PM - DEBUG - Getting Toys
9/12/2022, 3:12:36 PM - DEBUG - Getting Toys
9/12/2022, 3:12:40 PM - DEBUG - Getting Toys
9/12/2022, 3:14:39 PM - DEBUG - Getting Toys
9/12/2022, 3:16:13 PM - DEBUG - Getting Toys
9/12/2022, 3:19:33 PM - DEBUG - Getting Toys
9/12/2022, 3:21:20 PM - DEBUG - Getting Toys
9/12/2022, 3:21:22 PM - DEBUG - Getting Toys
9/12/2022, 3:21:41 PM - DEBUG - Getting Toys
9/12/2022, 3:23:32 PM - DEBUG - Getting Toys
9/12/2022, 3:25:10 PM - DEBUG - Getting Toys
9/12/2022, 3:25:27 PM - DEBUG - Getting Toys
9/12/2022, 3:25:30 PM - DEBUG - Getting Toys
9/12/2022, 3:26:15 PM - DEBUG - Getting Toys
9/12/2022, 3:32:06 PM - DEBUG - Getting Toys
9/12/2022, 3:45:00 PM - DEBUG - Getting Toys
9/12/2022, 3:46:01 PM - DEBUG - Getting Toys
9/12/2022, 3:47:13 PM - DEBUG - Getting Toys
9/12/2022, 3:54:45 PM - DEBUG - Getting Toys
9/12/2022, 3:54:48 PM - DEBUG - Getting Toys
9/12/2022, 3:56:56 PM - DEBUG - Getting Toys
9/12/2022, 4:02:32 PM - DEBUG - Getting Toys
9/12/2022, 4:02:41 PM - DEBUG - Getting Toys
9/12/2022, 4:04:29 PM - DEBUG - Getting Toys
9/12/2022, 4:04:44 PM - DEBUG - Getting Toys
9/12/2022, 4:06:03 PM - DEBUG - Getting Toys
9/12/2022, 4:07:33 PM - DEBUG - auth.service - login with username: admin
9/12/2022, 4:07:33 PM - INFO - User login:  | {"_id":"631e2a3ba8fe1d646319ebca","username":"admin","fullname":"admin","score":0,"isAdmin":true}
9/12/2022, 4:10:34 PM - DEBUG - Getting Toys
9/12/2022, 4:10:43 PM - DEBUG - auth.service - login with username: admin
9/12/2022, 4:10:44 PM - INFO - User login:  | {"_id":"631e2a3ba8fe1d646319ebca","username":"admin","fullname":"admin","score":0,"isAdmin":true}
9/12/2022, 4:16:29 PM - DEBUG - Getting Toys
9/12/2022, 4:16:31 PM - DEBUG - Getting Toys
9/12/2022, 4:16:38 PM - DEBUG - auth.service - login with username: admin
9/12/2022, 4:16:38 PM - INFO - User login:  | {"_id":"631e2a3ba8fe1d646319ebca","username":"admin","fullname":"admin","score":0,"isAdmin":true}
9/12/2022, 4:16:43 PM - DEBUG - Getting Toys
9/12/2022, 4:16:47 PM - DEBUG - Getting Toys
9/12/2022, 4:22:30 PM - DEBUG - Getting Toys
9/12/2022, 4:22:37 PM - DEBUG - Getting Toys
9/12/2022, 4:22:39 PM - DEBUG - Getting Toys
9/12/2022, 4:25:35 PM - INFO - Server is running on port: 3030
9/12/2022, 4:26:08 PM - INFO - Server is running on port: 3030
9/12/2022, 4:26:10 PM - INFO - Server is running on port: 3030
9/12/2022, 4:26:37 PM - INFO - Server is running on port: 3030
9/12/2022, 4:27:10 PM - INFO - Server is running on port: 3030
9/12/2022, 4:27:49 PM - INFO - Server is running on port: 3030
9/12/2022, 4:27:55 PM - INFO - Server is running on port: 3030
9/12/2022, 4:28:13 PM - INFO - Server is running on port: 3030
9/12/2022, 4:28:34 PM - INFO - Server is running on port: 3030
9/12/2022, 4:29:46 PM - INFO - Server is running on port: 3030
9/12/2022, 4:30:11 PM - DEBUG - Getting Toys
9/12/2022, 4:30:23 PM - DEBUG - auth.service - signup with username: admin, fullname: admin
9/12/2022, 4:30:23 PM - ERROR - Failed to signup Username already taken
9/12/2022, 4:31:53 PM - INFO - Server is running on port: 3030
9/12/2022, 4:34:37 PM - INFO - Server is running on port: 3030
9/12/2022, 4:39:07 PM - INFO - Server is running on port: 3030
9/12/2022, 4:39:45 PM - INFO - Server is running on port: 3030
9/12/2022, 4:39:51 PM - INFO - Server is running on port: 3030
9/12/2022, 4:39:55 PM - INFO - Server is running on port: 3030
9/12/2022, 4:40:50 PM - INFO - Server is running on port: 3030
9/12/2022, 4:41:05 PM - INFO - Server is running on port: 3030
9/12/2022, 4:42:37 PM - INFO - Server is running on port: 3030
9/12/2022, 4:51:55 PM - INFO - Server is running on port: 3030
9/12/2022, 5:05:58 PM - INFO - Server is running on port: 3030
9/12/2022, 5:06:07 PM - INFO - Server is running on port: 3030
9/12/2022, 5:06:20 PM - INFO - Server is running on port: 3030
9/12/2022, 5:39:24 PM - DEBUG - Getting Toys
9/12/2022, 5:39:29 PM - DEBUG - Getting Toys
9/12/2022, 5:43:54 PM - INFO - Server is running on port: 3030
9/12/2022, 5:43:55 PM - DEBUG - Getting Toys
9/12/2022, 5:44:08 PM - INFO - Server is running on port: 3030
9/12/2022, 5:54:42 PM - INFO - Server is running on port: 3030
9/12/2022, 5:55:54 PM - INFO - Req was made
9/12/2022, 5:57:03 PM - INFO - Server is running on port: 3030
9/12/2022, 5:57:05 PM - INFO - Req was made
9/12/2022, 5:57:06 PM - ERROR - cannot find reviews | {}
9/12/2022, 5:57:06 PM - ERROR - Cannot get reviews | {}
9/12/2022, 5:59:06 PM - INFO - Server is running on port: 3030
9/12/2022, 5:59:14 PM - INFO - Req was made
9/12/2022, 5:59:15 PM - ERROR - cannot find reviews | {}
9/12/2022, 5:59:15 PM - ERROR - Cannot get reviews | {}
9/12/2022, 6:06:02 PM - INFO - Server is running on port: 3030
9/12/2022, 6:07:12 PM - INFO - Server is running on port: 3030
9/12/2022, 6:11:35 PM - INFO - Server is running on port: 3030
9/12/2022, 6:11:39 PM - INFO - Req was made
9/12/2022, 6:11:40 PM - ERROR - cannot find reviews | {}
9/12/2022, 6:11:40 PM - ERROR - Cannot get reviews | {}
9/12/2022, 6:12:05 PM - INFO - Req was made
9/12/2022, 6:12:05 PM - ERROR - cannot find reviews | {}
9/12/2022, 6:12:05 PM - ERROR - Cannot get reviews | {}
9/12/2022, 6:12:37 PM - INFO - Server is running on port: 3030
9/12/2022, 6:12:39 PM - INFO - Req was made
9/12/2022, 6:14:31 PM - INFO - Server is running on port: 3030
9/12/2022, 6:14:35 PM - INFO - Req was made
9/12/2022, 6:15:41 PM - INFO - Server is running on port: 3030
9/12/2022, 6:15:44 PM - INFO - Req was made
9/12/2022, 6:15:45 PM - ERROR - cannot find reviews | {}
9/12/2022, 6:15:45 PM - ERROR - Cannot get reviews | {}
9/12/2022, 6:17:57 PM - INFO - Server is running on port: 3030
9/12/2022, 6:18:02 PM - INFO - Req was made
9/12/2022, 6:20:29 PM - INFO - Server is running on port: 3030
9/12/2022, 6:20:36 PM - INFO - Server is running on port: 3030
9/12/2022, 6:21:11 PM - INFO - Server is running on port: 3030
9/12/2022, 6:21:15 PM - INFO - Req was made
9/12/2022, 6:21:16 PM - ERROR - cannot find reviews | {}
9/12/2022, 6:21:16 PM - ERROR - Cannot get reviews | {}
9/12/2022, 6:21:40 PM - INFO - Server is running on port: 3030
9/12/2022, 6:21:45 PM - INFO - Req was made
9/12/2022, 6:22:04 PM - INFO - Server is running on port: 3030
9/12/2022, 6:22:06 PM - INFO - Req was made
9/12/2022, 6:22:08 PM - ERROR - cannot find reviews | {}
9/12/2022, 6:22:08 PM - ERROR - Cannot get reviews | {}
9/12/2022, 6:23:28 PM - INFO - Req was made
9/12/2022, 6:23:28 PM - ERROR - cannot find reviews | {}
9/12/2022, 6:23:28 PM - ERROR - Cannot get reviews | {}
9/12/2022, 6:25:59 PM - INFO - Server is running on port: 3030
9/12/2022, 6:26:02 PM - INFO - Req was made
9/12/2022, 6:26:03 PM - ERROR - cannot find reviews | {}
9/12/2022, 6:26:03 PM - ERROR - Cannot get reviews | {}
9/12/2022, 6:26:24 PM - INFO - Server is running on port: 3030
9/12/2022, 6:26:27 PM - INFO - Req was made
9/12/2022, 6:27:27 PM - INFO - Req was made
9/12/2022, 6:27:51 PM - INFO - Server is running on port: 3030
9/12/2022, 6:27:53 PM - INFO - Server is running on port: 3030
9/12/2022, 6:27:55 PM - INFO - Req was made
9/12/2022, 6:28:48 PM - INFO - Server is running on port: 3030
9/12/2022, 6:28:58 PM - INFO - Req was made
9/12/2022, 6:29:22 PM - INFO - Server is running on port: 3030
9/12/2022, 6:29:33 PM - INFO - Server is running on port: 3030
9/12/2022, 6:30:52 PM - INFO - Req was made
9/12/2022, 6:31:07 PM - INFO - Server is running on port: 3030
9/12/2022, 6:31:08 PM - INFO - Req was made
9/12/2022, 6:31:33 PM - INFO - Server is running on port: 3030
9/12/2022, 6:31:40 PM - INFO - Req was made
9/12/2022, 6:32:05 PM - INFO - Server is running on port: 3030
9/12/2022, 6:32:07 PM - INFO - Req was made
9/12/2022, 6:32:19 PM - INFO - Server is running on port: 3030
9/12/2022, 6:32:21 PM - INFO - Req was made
9/12/2022, 6:32:52 PM - INFO - Server is running on port: 3030
9/12/2022, 6:33:01 PM - INFO - Server is running on port: 3030
9/12/2022, 6:33:07 PM - INFO - Req was made
9/12/2022, 6:33:20 PM - INFO - Server is running on port: 3030
9/12/2022, 6:33:21 PM - INFO - Req was made
9/12/2022, 6:34:45 PM - INFO - Server is running on port: 3030
9/12/2022, 6:34:48 PM - INFO - Req was made
9/12/2022, 6:34:50 PM - ERROR - cannot find reviews | {"ok":0,"code":28818,"codeName":"Location28818","$clusterTime":{"clusterTime":"7142517255899709464","signature":{"hash":"LvgmM+qhjYkY/bjOcKLdOvk14Uk=","keyId":"7098323859195035662"}},"operationTime":"7142517255899709464","name":"MongoError"}
9/12/2022, 6:34:50 PM - ERROR - Cannot get reviews | {"ok":0,"code":28818,"codeName":"Location28818","$clusterTime":{"clusterTime":"7142517255899709464","signature":{"hash":"LvgmM+qhjYkY/bjOcKLdOvk14Uk=","keyId":"7098323859195035662"}},"operationTime":"7142517255899709464","name":"MongoError"}
9/12/2022, 6:34:59 PM - INFO - Server is running on port: 3030
9/12/2022, 6:35:54 PM - INFO - Req was made
9/12/2022, 6:36:29 PM - INFO - Server is running on port: 3030
9/12/2022, 6:36:32 PM - INFO - Req was made
9/12/2022, 6:39:06 PM - INFO - Server is running on port: 3030
9/12/2022, 6:39:11 PM - INFO - Req was made
9/12/2022, 6:41:22 PM - INFO - Server is running on port: 3030
9/12/2022, 6:41:25 PM - INFO - Req was made
9/12/2022, 6:42:20 PM - INFO - Server is running on port: 3030
9/12/2022, 6:42:21 PM - INFO - Req was made
9/12/2022, 6:42:40 PM - INFO - Server is running on port: 3030
9/12/2022, 6:44:23 PM - INFO - Server is running on port: 3030
9/12/2022, 6:44:27 PM - INFO - Server is running on port: 3030
9/12/2022, 6:44:37 PM - INFO - Server is running on port: 3030
9/12/2022, 6:45:39 PM - INFO - Server is running on port: 3030
9/12/2022, 6:45:51 PM - INFO - Server is running on port: 3030
9/12/2022, 6:46:19 PM - INFO - Server is running on port: 3030
9/12/2022, 6:46:22 PM - INFO - Req was made
9/12/2022, 6:46:59 PM - INFO - Server is running on port: 3030
9/12/2022, 6:47:24 PM - INFO - Server is running on port: 3030
9/12/2022, 6:48:03 PM - INFO - Server is running on port: 3030
9/12/2022, 6:52:11 PM - INFO - Server is running on port: 3030
9/12/2022, 6:54:11 PM - INFO - Server is running on port: 3030
9/12/2022, 6:54:30 PM - INFO - Server is running on port: 3030
9/12/2022, 6:55:30 PM - INFO - Server is running on port: 3030
9/12/2022, 6:55:43 PM - INFO - Server is running on port: 3030
9/12/2022, 6:57:09 PM - INFO - Req was made
9/12/2022, 6:57:10 PM - ERROR - Failed to add review | {}
9/12/2022, 6:58:22 PM - INFO - Server is running on port: 3030
9/12/2022, 6:58:35 PM - INFO - Server is running on port: 3030
9/12/2022, 6:58:51 PM - INFO - Server is running on port: 3030
9/12/2022, 6:59:00 PM - INFO - Server is running on port: 3030
9/12/2022, 6:59:02 PM - INFO - Server is running on port: 3030
9/12/2022, 7:02:55 PM - INFO - Server is running on port: 3030
9/12/2022, 7:04:27 PM - INFO - Req was made
9/12/2022, 7:04:29 PM - ERROR - while finding user undefined | {}
9/12/2022, 7:04:29 PM - ERROR - Failed to add review | {}
9/12/2022, 7:05:39 PM - INFO - Req was made
9/12/2022, 7:05:39 PM - ERROR - while finding user undefined | {}
9/12/2022, 7:05:39 PM - ERROR - Failed to add review | {}
9/12/2022, 7:06:21 PM - INFO - Server is running on port: 3030
9/12/2022, 7:06:25 PM - INFO - Req was made
9/12/2022, 7:06:26 PM - ERROR - while finding user undefined | {}
9/12/2022, 7:06:26 PM - ERROR - Failed to add review | {}
9/12/2022, 7:09:20 PM - INFO - Server is running on port: 3030
9/12/2022, 7:09:32 PM - INFO - Req was made
9/12/2022, 7:09:34 PM - ERROR - Failed to add review | {}
9/12/2022, 7:11:25 PM - INFO - Server is running on port: 3030
9/12/2022, 7:11:26 PM - INFO - Req was made
9/12/2022, 7:11:28 PM - ERROR - Failed to add review | {}
9/12/2022, 7:14:27 PM - INFO - Server is running on port: 3030
9/12/2022, 7:15:16 PM - INFO - Server is running on port: 3030
9/12/2022, 7:15:43 PM - INFO - Server is running on port: 3030
9/12/2022, 7:15:48 PM - INFO - Req was made
9/12/2022, 7:15:50 PM - ERROR - Failed to add review | {}
9/12/2022, 7:16:06 PM - INFO - Server is running on port: 3030
9/12/2022, 7:16:09 PM - INFO - Req was made
9/12/2022, 7:16:10 PM - ERROR - Failed to add review | {}
9/12/2022, 7:16:30 PM - INFO - Server is running on port: 3030
9/12/2022, 7:16:32 PM - INFO - Req was made
9/12/2022, 7:16:34 PM - ERROR - Failed to add review | {}
9/12/2022, 7:16:51 PM - INFO - Server is running on port: 3030
9/12/2022, 7:16:52 PM - INFO - Req was made
9/12/2022, 7:16:53 PM - ERROR - Failed to add review | {}
9/12/2022, 7:17:21 PM - INFO - Server is running on port: 3030
9/12/2022, 7:17:26 PM - INFO - Server is running on port: 3030
9/12/2022, 7:17:28 PM - INFO - Req was made
9/12/2022, 7:17:29 PM - ERROR - Failed to add review | {}
9/12/2022, 7:18:16 PM - INFO - Server is running on port: 3030
9/12/2022, 7:18:25 PM - INFO - Server is running on port: 3030
9/12/2022, 7:18:26 PM - INFO - Req was made
9/12/2022, 7:18:28 PM - ERROR - Failed to add review | {}
9/12/2022, 7:18:50 PM - INFO - Server is running on port: 3030
9/12/2022, 7:18:51 PM - INFO - Req was made
9/12/2022, 7:18:52 PM - ERROR - Failed to add review | {}
9/12/2022, 7:18:59 PM - INFO - Server is running on port: 3030
9/12/2022, 7:19:25 PM - INFO - Server is running on port: 3030
9/12/2022, 7:19:26 PM - INFO - Req was made
9/12/2022, 7:19:27 PM - ERROR - Failed to add review | {}
9/12/2022, 7:20:06 PM - INFO - Server is running on port: 3030
9/12/2022, 7:20:26 PM - INFO - Server is running on port: 3030
9/12/2022, 7:20:29 PM - INFO - Req was made
9/12/2022, 7:21:04 PM - INFO - Req was made
9/12/2022, 7:23:35 PM - INFO - Server is running on port: 3030
9/12/2022, 7:30:40 PM - DEBUG - Getting Toys
9/12/2022, 7:30:45 PM - DEBUG - Getting Toys
9/12/2022, 7:30:48 PM - DEBUG - Getting Toys
9/12/2022, 7:31:32 PM - DEBUG - auth.service - signup with username: pushka59, fullname: Lee Sharon
9/12/2022, 7:31:32 PM - DEBUG - auth.route - new account created: {"username":"pushka59","password":"$2b$10$0oq2Vc3iveQae50NUKpU0uixPB/i2tbSwydrio4h51/23Pb5fN5Ki","fullname":"Lee Sharon","score":0,"_id":"631f5ee4261db00d8f29e718"}
9/12/2022, 7:31:32 PM - DEBUG - auth.service - login with username: pushka59
9/12/2022, 7:31:32 PM - INFO - User login:  | {"_id":"631f5ee4261db00d8f29e718","username":"pushka59","fullname":"Lee Sharon","score":0}
9/12/2022, 7:33:31 PM - DEBUG - auth.service - login with username: pushka59
9/12/2022, 7:33:31 PM - INFO - User login:  | {"_id":"631f5ee4261db00d8f29e718","username":"pushka59","fullname":"Lee Sharon","score":0}
9/12/2022, 7:44:06 PM - DEBUG - Getting Toys
9/12/2022, 7:45:09 PM - DEBUG - Getting Toys
9/12/2022, 7:50:47 PM - DEBUG - Getting Toys
9/12/2022, 7:50:48 PM - DEBUG - Getting Toys
9/12/2022, 8:32:08 PM - INFO - Server is running on port: 3030
9/12/2022, 8:58:47 PM - DEBUG - Getting Toys
9/12/2022, 8:59:05 PM - INFO - Req was made
9/12/2022, 9:03:52 PM - INFO - Req was made
9/12/2022, 9:04:26 PM - INFO - Server is running on port: 3030
9/12/2022, 9:04:27 PM - DEBUG - Getting Toys
9/12/2022, 9:05:00 PM - DEBUG - Getting Toys
9/12/2022, 9:06:11 PM - INFO - Req was made
9/12/2022, 9:06:21 PM - INFO - Req was made
9/12/2022, 9:06:24 PM - DEBUG - Getting Toys
9/12/2022, 9:06:28 PM - DEBUG - Getting Toys
9/12/2022, 9:06:40 PM - DEBUG - Getting Toys
9/12/2022, 9:06:44 PM - INFO - Req was made
9/12/2022, 9:06:50 PM - INFO - Req was made
9/12/2022, 9:06:52 PM - DEBUG - Getting Toys
9/12/2022, 9:08:10 PM - INFO - Req was made
9/12/2022, 9:08:17 PM - DEBUG - Getting Toys
9/12/2022, 9:09:10 PM - INFO - Req was made
9/12/2022, 9:09:20 PM - DEBUG - Getting Toys
9/12/2022, 9:09:22 PM - DEBUG - Getting Toys
9/12/2022, 9:09:34 PM - DEBUG - Getting Toys
9/12/2022, 9:10:12 PM - DEBUG - Getting Toys
9/12/2022, 9:10:12 PM - INFO - Req was made
9/12/2022, 9:10:17 PM - DEBUG - Getting Toys
9/12/2022, 9:10:18 PM - INFO - Req was made
9/12/2022, 9:10:24 PM - DEBUG - Getting Toys
9/12/2022, 9:12:00 PM - INFO - Req was made
9/12/2022, 9:12:04 PM - DEBUG - Getting Toys
9/12/2022, 9:12:04 PM - INFO - Req was made
9/12/2022, 9:12:07 PM - DEBUG - Getting Toys
9/12/2022, 9:12:07 PM - INFO - Req was made
9/12/2022, 9:12:19 PM - INFO - Req was made
9/12/2022, 9:13:04 PM - INFO - Req was made
9/12/2022, 9:16:26 PM - INFO - Server is running on port: 3030
9/12/2022, 9:16:56 PM - INFO - Server is running on port: 3030
9/12/2022, 9:17:10 PM - INFO - Server is running on port: 3030
9/12/2022, 9:17:26 PM - DEBUG - Getting Toys
9/12/2022, 9:17:27 PM - INFO - Req was made
9/12/2022, 9:17:52 PM - INFO - Server is running on port: 3030
9/12/2022, 9:18:15 PM - INFO - Server is running on port: 3030
9/12/2022, 9:18:16 PM - DEBUG - Getting Toys
9/12/2022, 9:18:17 PM - INFO - Req was made
9/12/2022, 9:18:24 PM - INFO - Req was made
9/12/2022, 9:19:33 PM - INFO - Server is running on port: 3030
9/12/2022, 9:19:40 PM - DEBUG - Getting Toys
9/12/2022, 9:19:43 PM - INFO - Req was made
9/12/2022, 9:20:09 PM - INFO - Req was made
9/12/2022, 9:20:15 PM - INFO - Req was made
9/12/2022, 9:28:57 PM - DEBUG - Getting Toys
9/12/2022, 9:28:57 PM - INFO - Req was made
9/12/2022, 9:29:30 PM - DEBUG - Getting Toys
9/12/2022, 9:29:30 PM - INFO - Req was made
9/12/2022, 9:29:34 PM - DEBUG - Getting Toys
9/12/2022, 9:29:35 PM - INFO - Req was made
9/12/2022, 9:30:09 PM - DEBUG - Getting Toys
9/12/2022, 9:30:13 PM - INFO - Req was made
9/12/2022, 9:30:17 PM - DEBUG - Getting Toys
9/12/2022, 9:30:17 PM - INFO - Req was made
9/12/2022, 9:30:19 PM - INFO - Req was made
9/12/2022, 9:30:28 PM - INFO - Req was made
9/12/2022, 9:30:54 PM - INFO - Req was made
9/12/2022, 9:30:58 PM - INFO - Req was made
9/12/2022, 9:31:00 PM - DEBUG - Getting Toys
9/12/2022, 9:31:01 PM - INFO - Req was made
9/12/2022, 9:31:23 PM - INFO - Req was made
9/12/2022, 9:31:24 PM - DEBUG - Getting Toys
9/12/2022, 9:31:24 PM - INFO - Req was made
9/12/2022, 9:31:42 PM - DEBUG - Getting Toys
9/12/2022, 9:31:42 PM - INFO - Req was made
9/12/2022, 9:31:43 PM - DEBUG - Getting Toys
9/12/2022, 9:31:43 PM - INFO - Req was made
9/12/2022, 9:32:02 PM - INFO - Req was made
9/12/2022, 10:19:21 PM - DEBUG - Getting Toys
9/12/2022, 10:19:21 PM - INFO - Req was made
9/12/2022, 10:19:38 PM - DEBUG - Getting Toys
9/12/2022, 10:19:38 PM - INFO - Req was made
9/12/2022, 10:33:10 PM - DEBUG - Getting Toys
9/12/2022, 10:33:11 PM - INFO - Req was made
9/12/2022, 10:33:31 PM - DEBUG - Getting Toys
9/12/2022, 10:33:31 PM - INFO - Req was made
9/12/2022, 10:34:33 PM - DEBUG - Getting Toys
9/12/2022, 10:34:33 PM - INFO - Req was made
9/12/2022, 10:34:40 PM - INFO - Req was made
9/12/2022, 10:42:02 PM - INFO - Req was made
9/12/2022, 10:49:54 PM - INFO - Req was made
9/12/2022, 10:50:38 PM - INFO - Req was made
9/12/2022, 10:51:41 PM - DEBUG - Getting Toys
9/12/2022, 10:51:41 PM - INFO - Req was made
9/12/2022, 10:51:44 PM - INFO - Req was made
9/12/2022, 10:52:32 PM - INFO - Req was made
9/12/2022, 10:54:22 PM - INFO - Req was made
9/12/2022, 10:54:24 PM - DEBUG - Getting Toys
9/12/2022, 10:54:24 PM - INFO - Req was made
9/12/2022, 10:54:40 PM - INFO - Req was made
9/12/2022, 10:54:42 PM - DEBUG - Getting Toys
9/12/2022, 10:54:42 PM - INFO - Req was made
9/12/2022, 10:54:46 PM - INFO - Req was made
9/12/2022, 10:59:58 PM - DEBUG - Getting Toys
9/12/2022, 10:59:58 PM - INFO - Req was made
9/12/2022, 11:00:01 PM - INFO - Req was made
9/12/2022, 11:00:08 PM - INFO - Req was made
9/12/2022, 11:01:14 PM - DEBUG - Getting Toys
9/12/2022, 11:01:14 PM - INFO - Req was made
9/12/2022, 11:01:17 PM - INFO - Req was made
9/12/2022, 11:01:44 PM - DEBUG - Getting Toys
9/12/2022, 11:01:44 PM - INFO - Req was made
9/12/2022, 11:01:46 PM - INFO - Req was made
9/12/2022, 11:01:50 PM - INFO - Req was made
9/12/2022, 11:02:18 PM - INFO - Req was made
9/12/2022, 11:04:22 PM - DEBUG - Getting Toys
9/12/2022, 11:04:23 PM - INFO - Req was made
9/12/2022, 11:04:24 PM - INFO - Req was made
9/12/2022, 11:06:40 PM - DEBUG - Getting Toys
9/12/2022, 11:06:40 PM - INFO - Req was made
9/12/2022, 11:06:42 PM - INFO - Req was made
9/13/2022, 2:11:41 PM - INFO - Server is running on port: 3030
9/13/2022, 2:12:04 PM - INFO - Server is running on port: 3030
9/13/2022, 2:12:07 PM - INFO - Server is running on port: 3030
9/13/2022, 2:19:07 PM - INFO - Server is running on port: 3030
9/13/2022, 2:19:27 PM - INFO - Server is running on port: 3030
9/13/2022, 2:19:46 PM - INFO - Server is running on port: 3030
9/13/2022, 2:20:03 PM - INFO - Server is running on port: 3030
9/13/2022, 2:20:05 PM - INFO - Server is running on port: 3030
9/13/2022, 2:25:24 PM - INFO - Server is running on port: 3030
9/13/2022, 4:01:18 PM - DEBUG - Getting Toys
9/13/2022, 4:01:20 PM - INFO - Req was made
9/13/2022, 4:11:45 PM - DEBUG - Getting Toys
9/13/2022, 4:11:45 PM - INFO - Req was made
9/13/2022, 4:28:21 PM - INFO - New connected socket [id: qjx1lsbj9PdBpqy-AAAB]
9/13/2022, 4:28:21 PM - DEBUG - Getting Toys
9/13/2022, 4:28:21 PM - INFO - Req was made
9/13/2022, 4:28:21 PM - INFO - Setting socket.userId = 631f5ee4261db00d8f29e718 for socket [id: qjx1lsbj9PdBpqy-AAAB]
9/13/2022, 4:28:49 PM - INFO - New connected socket [id: ogCVuhuaQXeyRcx7AAAD]
9/13/2022, 4:28:49 PM - INFO - Setting socket.userId = 631f5ee4261db00d8f29e718 for socket [id: ogCVuhuaQXeyRcx7AAAD]
9/13/2022, 4:31:56 PM - INFO - New chat msg from socket [id: ogCVuhuaQXeyRcx7AAAD], emitting to topic 631de364e2d99d701b3ebae8
9/13/2022, 4:34:07 PM - INFO - New connected socket [id: 3mAqwbHW_hzbZnxGAAAF]
9/13/2022, 4:34:07 PM - DEBUG - Getting Toys
9/13/2022, 4:34:07 PM - INFO - Req was made
9/13/2022, 4:34:10 PM - INFO - Socket disconnected [id: undefined]
9/13/2022, 4:34:10 PM - INFO - New connected socket [id: dLhVGn9ix2pXaWG_AAAH]
9/13/2022, 4:34:10 PM - DEBUG - Getting Toys
9/13/2022, 4:34:10 PM - INFO - Req was made
9/13/2022, 4:34:13 PM - INFO - New chat msg from socket [id: dLhVGn9ix2pXaWG_AAAH], emitting to topic 631de364e2d99d701b3ebae8
9/13/2022, 4:34:48 PM - DEBUG - auth.service - signup with username: ryuran, fullname: Jesus
9/13/2022, 4:34:49 PM - DEBUG - auth.route - new account created: {"username":"ryuran","password":"$2b$10$me24ngY8TPCrHVegPJpB8unyxjl4NkqilikqDU/p8C63F2GkOjfc.","fullname":"Jesus","score":0,"_id":"632086f95cb26323114bef65"}
9/13/2022, 4:34:49 PM - DEBUG - auth.service - login with username: ryuran
9/13/2022, 4:34:49 PM - INFO - User login:  | {"_id":"632086f95cb26323114bef65","username":"ryuran","fullname":"Jesus","score":0}
9/13/2022, 4:34:54 PM - INFO - Req was made
9/13/2022, 4:35:03 PM - INFO - New chat msg from socket [id: dLhVGn9ix2pXaWG_AAAH], emitting to topic 631de364e2d99d701b3ebae8
9/13/2022, 4:35:22 PM - INFO - New chat msg from socket [id: ogCVuhuaQXeyRcx7AAAD], emitting to topic 631de364e2d99d701b3ebae8
9/13/2022, 4:38:41 PM - INFO - Socket disconnected [id: undefined]
9/13/2022, 4:38:41 PM - INFO - New connected socket [id: 74NpCu73AaviLyNnAAAJ]
9/13/2022, 4:38:41 PM - DEBUG - Getting Toys
9/13/2022, 4:38:42 PM - INFO - Req was made
9/13/2022, 4:38:42 PM - INFO - Setting socket.userId = 632086f95cb26323114bef65 for socket [id: 74NpCu73AaviLyNnAAAJ]
9/13/2022, 4:38:47 PM - INFO - Socket disconnected [id: undefined]
9/13/2022, 4:38:47 PM - INFO - Socket disconnected [id: undefined]
9/13/2022, 4:38:48 PM - INFO - New connected socket [id: ZhvNF5Gr4q4dAqXlAAAL]
9/13/2022, 4:38:48 PM - DEBUG - Getting Toys
9/13/2022, 4:38:48 PM - INFO - Req was made
9/13/2022, 4:38:48 PM - INFO - Setting socket.userId = 631f5ee4261db00d8f29e718 for socket [id: ZhvNF5Gr4q4dAqXlAAAL]
9/13/2022, 4:38:50 PM - INFO - New chat msg from socket [id: 74NpCu73AaviLyNnAAAJ], emitting to topic 631de364e2d99d701b3ebae8
9/13/2022, 5:00:43 PM - INFO - Socket is leaving topic 631de364e2d99d701b3ebae8 [id: ZhvNF5Gr4q4dAqXlAAAL]
9/13/2022, 5:00:43 PM - INFO - Req was made
9/13/2022, 5:00:45 PM - INFO - New chat msg from socket [id: ZhvNF5Gr4q4dAqXlAAAL], emitting to topic 631de364e2d99d701b3ebae7
9/13/2022, 5:00:48 PM - INFO - New chat msg from socket [id: ZhvNF5Gr4q4dAqXlAAAL], emitting to topic 631de364e2d99d701b3ebae7
9/13/2022, 5:00:53 PM - INFO - Socket is leaving topic 631de364e2d99d701b3ebae8 [id: 74NpCu73AaviLyNnAAAJ]
9/13/2022, 5:00:53 PM - INFO - Req was made
9/13/2022, 5:00:55 PM - INFO - New chat msg from socket [id: 74NpCu73AaviLyNnAAAJ], emitting to topic 631de364e2d99d701b3ebae7
9/13/2022, 5:00:58 PM - INFO - New chat msg from socket [id: ZhvNF5Gr4q4dAqXlAAAL], emitting to topic 631de364e2d99d701b3ebae7
9/13/2022, 5:08:44 PM - INFO - Server is running on port: 3030
9/13/2022, 5:08:44 PM - INFO - New connected socket [id: UMWdYu0qfFUVXLpNAAAB]
9/13/2022, 5:08:44 PM - INFO - New connected socket [id: URNBtkYxdgZRiePMAAAD]
9/13/2022, 5:09:03 PM - INFO - Server is running on port: 3030
9/13/2022, 5:09:03 PM - INFO - New connected socket [id: VjzzB6CntlfU42eGAAAB]
9/13/2022, 5:09:03 PM - INFO - New connected socket [id: rPYe9mEu7Nw4rDROAAAD]
9/13/2022, 5:39:15 PM - INFO - Server is running on port: 3030
9/13/2022, 5:39:16 PM - INFO - New connected socket [id: cY45xZ_dTgBEHGDaAAAB]
9/13/2022, 5:39:17 PM - INFO - New connected socket [id: bSnQtEa6LWW2zmfrAAAD]
9/13/2022, 5:39:27 PM - INFO - Server is running on port: 3030
9/13/2022, 5:39:28 PM - INFO - New connected socket [id: wxg2g3ih8xNkJ5f2AAAB]
9/13/2022, 5:39:29 PM - INFO - New connected socket [id: SHl-d7iyApeNz_J3AAAD]
9/13/2022, 5:48:31 PM - INFO - Server is running on port: 3030
9/13/2022, 5:48:32 PM - INFO - New connected socket [id: FuiLkb8BRks-AfGGAAAB]
9/13/2022, 5:48:33 PM - INFO - New connected socket [id: 9pTTyD0eiRUdPH8hAAAD]
9/13/2022, 5:51:11 PM - INFO - Server is running on port: 3030
9/13/2022, 5:51:12 PM - INFO - New connected socket [id: 6dmXHdx8t8gv9lNbAAAB]
9/13/2022, 5:51:14 PM - INFO - New connected socket [id: _OYJr178Q9LCjmGiAAAD]
9/13/2022, 5:52:56 PM - INFO - Socket disconnected [id: undefined]
9/13/2022, 5:52:57 PM - INFO - New connected socket [id: VFE23pUY4WJc1myeAAAF]
9/13/2022, 5:52:57 PM - DEBUG - Getting Toys
9/13/2022, 5:52:57 PM - INFO - Setting socket.userId = 632086f95cb26323114bef65 for socket [id: VFE23pUY4WJc1myeAAAF]
9/13/2022, 5:52:58 PM - INFO - Req was made
9/13/2022, 5:53:12 PM - INFO - New connected socket [id: L6um_UUgud7g7bfPAAAH]
9/13/2022, 5:53:12 PM - INFO - New connected socket [id: 2Ty0kKW3rz4oFmcoAAAJ]
9/13/2022, 5:53:13 PM - INFO - Setting socket.userId = 631f5ee4261db00d8f29e718 for socket [id: L6um_UUgud7g7bfPAAAH]
9/13/2022, 5:53:13 PM - INFO - Setting socket.userId = 631f5ee4261db00d8f29e718 for socket [id: 2Ty0kKW3rz4oFmcoAAAJ]
9/13/2022, 5:53:16 PM - INFO - setting isTyping for socket [id: VFE23pUY4WJc1myeAAAF]
9/13/2022, 5:53:16 PM - INFO - Broadcasting event: user-is-typing
9/13/2022, 5:53:16 PM - INFO - Broadcast to room 631de364e2d99d701b3ebae7 excluding user: 632086f95cb26323114bef65
9/13/2022, 5:53:17 PM - INFO - setting isTyping for socket [id: VFE23pUY4WJc1myeAAAF]
9/13/2022, 5:53:17 PM - INFO - Broadcasting event: user-is-typing
9/13/2022, 5:53:17 PM - INFO - Broadcast to room 631de364e2d99d701b3ebae7 excluding user: 632086f95cb26323114bef65
9/13/2022, 5:53:17 PM - INFO - setting isTyping for socket [id: VFE23pUY4WJc1myeAAAF]
9/13/2022, 5:53:17 PM - INFO - Broadcasting event: user-is-typing
9/13/2022, 5:53:17 PM - INFO - Broadcast to room 631de364e2d99d701b3ebae7 excluding user: 632086f95cb26323114bef65
9/13/2022, 5:53:18 PM - INFO - setting isTyping for socket [id: VFE23pUY4WJc1myeAAAF]
9/13/2022, 5:53:18 PM - INFO - Broadcasting event: user-is-typing
9/13/2022, 5:53:18 PM - INFO - Broadcast to room 631de364e2d99d701b3ebae7 excluding user: 632086f95cb26323114bef65
9/13/2022, 5:53:18 PM - INFO - setting isTyping for socket [id: VFE23pUY4WJc1myeAAAF]
9/13/2022, 5:53:18 PM - INFO - Broadcasting event: user-is-typing
9/13/2022, 5:53:18 PM - INFO - Broadcast to room 631de364e2d99d701b3ebae7 excluding user: 632086f95cb26323114bef65
9/13/2022, 5:53:18 PM - INFO - setting isTyping for socket [id: VFE23pUY4WJc1myeAAAF]
9/13/2022, 5:53:18 PM - INFO - Broadcasting event: user-is-typing
9/13/2022, 5:53:18 PM - INFO - Broadcast to room 631de364e2d99d701b3ebae7 excluding user: 632086f95cb26323114bef65
9/13/2022, 5:53:18 PM - INFO - setting isTyping for socket [id: VFE23pUY4WJc1myeAAAF]
9/13/2022, 5:53:18 PM - INFO - Broadcasting event: user-is-typing
9/13/2022, 5:53:18 PM - INFO - Broadcast to room 631de364e2d99d701b3ebae7 excluding user: 632086f95cb26323114bef65
9/13/2022, 5:53:18 PM - INFO - setting isTyping for socket [id: VFE23pUY4WJc1myeAAAF]
9/13/2022, 5:53:18 PM - INFO - Broadcasting event: user-is-typing
9/13/2022, 5:53:18 PM - INFO - Broadcast to room 631de364e2d99d701b3ebae7 excluding user: 632086f95cb26323114bef65
9/13/2022, 5:53:22 PM - INFO - setting isTyping for socket [id: VFE23pUY4WJc1myeAAAF]
9/13/2022, 5:53:22 PM - INFO - Broadcasting event: user-is-typing
9/13/2022, 5:53:22 PM - INFO - Broadcast to room 631de364e2d99d701b3ebae7 excluding user: 632086f95cb26323114bef65
9/13/2022, 5:53:22 PM - INFO - setting isTyping for socket [id: VFE23pUY4WJc1myeAAAF]
9/13/2022, 5:53:22 PM - INFO - Broadcasting event: user-is-typing
9/13/2022, 5:53:22 PM - INFO - Broadcast to room 631de364e2d99d701b3ebae7 excluding user: 632086f95cb26323114bef65
9/13/2022, 5:53:22 PM - INFO - setting isTyping for socket [id: VFE23pUY4WJc1myeAAAF]
9/13/2022, 5:53:22 PM - INFO - Broadcasting event: user-is-typing
9/13/2022, 5:53:22 PM - INFO - Broadcast to room 631de364e2d99d701b3ebae7 excluding user: 632086f95cb26323114bef65
9/13/2022, 5:53:22 PM - INFO - setting isTyping for socket [id: VFE23pUY4WJc1myeAAAF]
9/13/2022, 5:53:22 PM - INFO - Broadcasting event: user-is-typing
9/13/2022, 5:53:22 PM - INFO - Broadcast to room 631de364e2d99d701b3ebae7 excluding user: 632086f95cb26323114bef65
9/13/2022, 5:53:22 PM - INFO - setting isTyping for socket [id: VFE23pUY4WJc1myeAAAF]
9/13/2022, 5:53:22 PM - INFO - Broadcasting event: user-is-typing
9/13/2022, 5:53:22 PM - INFO - Broadcast to room 631de364e2d99d701b3ebae7 excluding user: 632086f95cb26323114bef65
9/13/2022, 5:53:22 PM - INFO - setting isTyping for socket [id: VFE23pUY4WJc1myeAAAF]
9/13/2022, 5:53:22 PM - INFO - Broadcasting event: user-is-typing
9/13/2022, 5:53:22 PM - INFO - Broadcast to room 631de364e2d99d701b3ebae7 excluding user: 632086f95cb26323114bef65
9/13/2022, 5:53:22 PM - INFO - setting isTyping for socket [id: VFE23pUY4WJc1myeAAAF]
9/13/2022, 5:53:22 PM - INFO - Broadcasting event: user-is-typing
9/13/2022, 5:53:22 PM - INFO - Broadcast to room 631de364e2d99d701b3ebae7 excluding user: 632086f95cb26323114bef65
9/13/2022, 5:53:22 PM - INFO - setting isTyping for socket [id: VFE23pUY4WJc1myeAAAF]
9/13/2022, 5:53:22 PM - INFO - Broadcasting event: user-is-typing
9/13/2022, 5:53:22 PM - INFO - Broadcast to room 631de364e2d99d701b3ebae7 excluding user: 632086f95cb26323114bef65
9/13/2022, 6:12:13 PM - INFO - Socket disconnected [id: undefined]
9/13/2022, 6:12:13 PM - INFO - Socket disconnected [id: undefined]
9/13/2022, 6:12:13 PM - INFO - Socket disconnected [id: undefined]
9/13/2022, 6:12:13 PM - INFO - New connected socket [id: pa_Q62F9uoENpP58AAAL]
9/13/2022, 6:12:14 PM - DEBUG - Getting Toys
9/13/2022, 6:12:14 PM - INFO - Socket disconnected [id: undefined]
9/13/2022, 6:12:14 PM - INFO - Req was made
9/13/2022, 6:12:14 PM - INFO - Setting socket.userId = 631f5ee4261db00d8f29e718 for socket [id: pa_Q62F9uoENpP58AAAL]
9/13/2022, 6:12:14 PM - INFO - New connected socket [id: khlnlKdkRpQncX44AAAN]
9/13/2022, 6:12:14 PM - DEBUG - Getting Toys
9/13/2022, 6:12:14 PM - INFO - Req was made
9/13/2022, 6:12:15 PM - INFO - Setting socket.userId = 632086f95cb26323114bef65 for socket [id: khlnlKdkRpQncX44AAAN]
9/13/2022, 6:12:16 PM - INFO - setting isTyping for socket [id: khlnlKdkRpQncX44AAAN]
9/13/2022, 6:12:16 PM - INFO - Broadcasting event: user-is-typing
9/13/2022, 6:12:16 PM - INFO - Broadcast to room 631de364e2d99d701b3ebae7 excluding user: 632086f95cb26323114bef65
9/13/2022, 6:12:17 PM - INFO - setting isTyping for socket [id: khlnlKdkRpQncX44AAAN]
9/13/2022, 6:12:17 PM - INFO - Broadcasting event: user-is-typing
9/13/2022, 6:12:17 PM - INFO - Broadcast to room 631de364e2d99d701b3ebae7 excluding user: 632086f95cb26323114bef65
9/13/2022, 6:12:18 PM - INFO - setting isTyping for socket [id: khlnlKdkRpQncX44AAAN]
9/13/2022, 6:12:18 PM - INFO - Broadcasting event: user-is-typing
9/13/2022, 6:12:18 PM - INFO - Broadcast to room 631de364e2d99d701b3ebae7 excluding user: 632086f95cb26323114bef65
9/13/2022, 6:12:18 PM - INFO - setting isTyping for socket [id: khlnlKdkRpQncX44AAAN]
9/13/2022, 6:12:18 PM - INFO - Broadcasting event: user-is-typing
9/13/2022, 6:12:18 PM - INFO - Broadcast to room 631de364e2d99d701b3ebae7 excluding user: 632086f95cb26323114bef65
9/13/2022, 6:12:18 PM - INFO - setting isTyping for socket [id: khlnlKdkRpQncX44AAAN]
9/13/2022, 6:12:18 PM - INFO - Broadcasting event: user-is-typing
9/13/2022, 6:12:18 PM - INFO - Broadcast to room 631de364e2d99d701b3ebae7 excluding user: 632086f95cb26323114bef65
9/13/2022, 6:12:19 PM - INFO - setting isTyping for socket [id: khlnlKdkRpQncX44AAAN]
9/13/2022, 6:12:19 PM - INFO - Broadcasting event: user-is-typing
9/13/2022, 6:12:19 PM - INFO - Broadcast to room 631de364e2d99d701b3ebae7 excluding user: 632086f95cb26323114bef65
9/13/2022, 6:16:10 PM - INFO - Server is running on port: 3030
9/13/2022, 6:16:11 PM - INFO - New connected socket [id: ZTR8IGORUcK9o14GAAAB]
9/13/2022, 6:16:11 PM - INFO - New connected socket [id: noUZ-qXKuFfQkI11AAAD]
9/13/2022, 6:22:38 PM - INFO - Socket disconnected [id: undefined]
9/13/2022, 6:22:39 PM - INFO - Socket disconnected [id: undefined]
9/13/2022, 6:22:39 PM - INFO - New connected socket [id: c5SZ8JVoK0OP4EIcAAAF]
9/13/2022, 6:22:40 PM - DEBUG - Getting Toys
9/13/2022, 6:22:40 PM - INFO - Setting socket.userId = 631f5ee4261db00d8f29e718 for socket [id: c5SZ8JVoK0OP4EIcAAAF]
9/13/2022, 6:22:40 PM - INFO - New connected socket [id: 6zihBOujzc5pzsGHAAAH]
9/13/2022, 6:22:40 PM - DEBUG - Getting Toys
9/13/2022, 6:22:40 PM - INFO - Setting socket.userId = 632086f95cb26323114bef65 for socket [id: 6zihBOujzc5pzsGHAAAH]
9/13/2022, 6:22:42 PM - INFO - Req was made
9/13/2022, 6:22:42 PM - INFO - Req was made
9/13/2022, 6:22:46 PM - INFO - setting isTyping for socket [id: 6zihBOujzc5pzsGHAAAH]
9/13/2022, 6:23:44 PM - INFO - Server is running on port: 3030
9/13/2022, 6:23:46 PM - INFO - New connected socket [id: M7pzYPSjCfvnq-dIAAAB]
9/13/2022, 6:23:46 PM - INFO - Setting socket.userId = 632086f95cb26323114bef65 for socket [id: M7pzYPSjCfvnq-dIAAAB]
9/13/2022, 6:23:46 PM - INFO - New connected socket [id: PgeGew78CnURzHTJAAAD]
9/13/2022, 6:23:46 PM - INFO - Setting socket.userId = 631f5ee4261db00d8f29e718 for socket [id: PgeGew78CnURzHTJAAAD]
9/13/2022, 6:23:53 PM - INFO - Socket disconnected [id: undefined]
9/13/2022, 6:23:54 PM - INFO - New connected socket [id: XulB_bFTNT3YhemXAAAF]
9/13/2022, 6:23:54 PM - DEBUG - Getting Toys
9/13/2022, 6:23:54 PM - INFO - Setting socket.userId = 631f5ee4261db00d8f29e718 for socket [id: XulB_bFTNT3YhemXAAAF]
9/13/2022, 6:23:55 PM - INFO - Socket disconnected [id: undefined]
9/13/2022, 6:23:56 PM - INFO - New connected socket [id: PY_Io0ajGdcVBH5WAAAH]
9/13/2022, 6:23:56 PM - DEBUG - Getting Toys
9/13/2022, 6:23:56 PM - INFO - Setting socket.userId = 632086f95cb26323114bef65 for socket [id: PY_Io0ajGdcVBH5WAAAH]
9/13/2022, 6:23:56 PM - INFO - Req was made
9/13/2022, 6:23:58 PM - INFO - Req was made
9/13/2022, 6:31:59 PM - INFO - Server is running on port: 3030
9/13/2022, 6:31:59 PM - INFO - New connected socket [id: SPXLpdRnYlUfPlfoAAAB]
9/13/2022, 6:32:00 PM - INFO - New connected socket [id: 6rvslVkcVWr2KajDAAAD]
9/13/2022, 6:32:13 PM - INFO - Socket disconnected [id: undefined]
9/13/2022, 6:32:13 PM - INFO - New connected socket [id: YdZ8usn-g_VRs3DFAAAF]
9/13/2022, 6:32:13 PM - DEBUG - Getting Toys
9/13/2022, 6:32:13 PM - INFO - Setting socket.userId = 632086f95cb26323114bef65 for socket [id: YdZ8usn-g_VRs3DFAAAF]
9/13/2022, 6:32:14 PM - INFO - Socket disconnected [id: undefined]
9/13/2022, 6:32:14 PM - INFO - New connected socket [id: oZ9F_ulON4JnYwQzAAAH]
9/13/2022, 6:32:15 PM - INFO - Req was made
9/13/2022, 6:32:15 PM - DEBUG - Getting Toys
9/13/2022, 6:32:15 PM - INFO - Setting socket.userId = 631f5ee4261db00d8f29e718 for socket [id: oZ9F_ulON4JnYwQzAAAH]
9/13/2022, 6:32:15 PM - INFO - Req was made
9/13/2022, 6:33:05 PM - INFO - Server is running on port: 3030
9/13/2022, 6:33:06 PM - INFO - New connected socket [id: MM-MHtwZC-nqPs7OAAAB]
9/13/2022, 6:33:06 PM - DEBUG - Getting Toys
9/13/2022, 6:33:06 PM - INFO - Setting socket.userId = 632086f95cb26323114bef65 for socket [id: MM-MHtwZC-nqPs7OAAAB]
9/13/2022, 6:33:07 PM - INFO - New connected socket [id: i4s6yK6iUN4db1CvAAAD]
9/13/2022, 6:33:08 PM - INFO - Req was made
9/13/2022, 6:33:08 PM - INFO - Setting socket.userId = 631f5ee4261db00d8f29e718 for socket [id: i4s6yK6iUN4db1CvAAAD]
9/13/2022, 6:33:08 PM - DEBUG - Getting Toys
9/13/2022, 6:33:08 PM - INFO - Req was made
9/13/2022, 6:33:15 PM - INFO - setting isTyping for socket [id: MM-MHtwZC-nqPs7OAAAB]
9/13/2022, 6:35:47 PM - INFO - Server is running on port: 3030
9/13/2022, 6:35:48 PM - INFO - New connected socket [id: mK9ogSampy9FQZeSAAAB]
9/13/2022, 6:35:49 PM - INFO - Setting socket.userId = 632086f95cb26323114bef65 for socket [id: mK9ogSampy9FQZeSAAAB]
9/13/2022, 6:35:49 PM - DEBUG - Getting Toys
9/13/2022, 6:35:49 PM - INFO - New connected socket [id: r2QquZ2Ez7PgdQ1oAAAD]
9/13/2022, 6:35:49 PM - DEBUG - Getting Toys
9/13/2022, 6:35:49 PM - INFO - Setting socket.userId = 631f5ee4261db00d8f29e718 for socket [id: r2QquZ2Ez7PgdQ1oAAAD]
9/13/2022, 6:35:50 PM - INFO - Req was made
9/13/2022, 6:35:50 PM - INFO - Req was made
9/13/2022, 6:35:53 PM - INFO - setting isTyping for socket [id: mK9ogSampy9FQZeSAAAB]
9/13/2022, 6:35:53 PM - INFO - Broadcasting event: user-is-typing
9/13/2022, 6:35:53 PM - INFO - Broadcast to room 631de364e2d99d701b3ebae7 excluding user: 632086f95cb26323114bef65
9/13/2022, 6:35:56 PM - INFO - setting isTyping for socket [id: mK9ogSampy9FQZeSAAAB]
9/13/2022, 6:35:56 PM - INFO - Broadcasting event: user-is-typing
9/13/2022, 6:35:56 PM - INFO - Broadcast to room 631de364e2d99d701b3ebae7 excluding user: 632086f95cb26323114bef65
9/13/2022, 6:37:33 PM - INFO - Socket disconnected [id: undefined]
9/13/2022, 6:37:34 PM - INFO - New connected socket [id: phQlDmx6U40-RkIBAAAF]
9/13/2022, 6:37:34 PM - DEBUG - Getting Toys
9/13/2022, 6:37:34 PM - INFO - Socket disconnected [id: undefined]
9/13/2022, 6:37:34 PM - INFO - Setting socket.userId = 632086f95cb26323114bef65 for socket [id: phQlDmx6U40-RkIBAAAF]
9/13/2022, 6:37:35 PM - INFO - Req was made
9/13/2022, 6:37:35 PM - INFO - New connected socket [id: QbOF36toq7e7QFj4AAAH]
9/13/2022, 6:37:35 PM - DEBUG - Getting Toys
9/13/2022, 6:37:36 PM - INFO - Req was made
9/13/2022, 6:37:36 PM - INFO - Setting socket.userId = 631f5ee4261db00d8f29e718 for socket [id: QbOF36toq7e7QFj4AAAH]
9/13/2022, 6:37:37 PM - INFO - setting isTyping for socket [id: phQlDmx6U40-RkIBAAAF]
9/13/2022, 6:37:37 PM - INFO - Broadcasting event: user-is-typing
9/13/2022, 6:37:37 PM - INFO - Broadcast to room 631de364e2d99d701b3ebae7 excluding user: 632086f95cb26323114bef65
9/13/2022, 6:37:37 PM - INFO - setting isTyping for socket [id: phQlDmx6U40-RkIBAAAF]
9/13/2022, 6:37:37 PM - INFO - Broadcasting event: user-is-typing
9/13/2022, 6:37:37 PM - INFO - Broadcast to room 631de364e2d99d701b3ebae7 excluding user: 632086f95cb26323114bef65
9/13/2022, 6:37:37 PM - INFO - setting isTyping for socket [id: phQlDmx6U40-RkIBAAAF]
9/13/2022, 6:37:37 PM - INFO - Broadcasting event: user-is-typing
9/13/2022, 6:37:37 PM - INFO - Broadcast to room 631de364e2d99d701b3ebae7 excluding user: 632086f95cb26323114bef65
9/13/2022, 6:37:37 PM - INFO - setting isTyping for socket [id: phQlDmx6U40-RkIBAAAF]
9/13/2022, 6:37:37 PM - INFO - Broadcasting event: user-is-typing
9/13/2022, 6:37:37 PM - INFO - Broadcast to room 631de364e2d99d701b3ebae7 excluding user: 632086f95cb26323114bef65
9/13/2022, 6:37:37 PM - INFO - setting isTyping for socket [id: phQlDmx6U40-RkIBAAAF]
9/13/2022, 6:37:37 PM - INFO - Broadcasting event: user-is-typing
9/13/2022, 6:37:37 PM - INFO - Broadcast to room 631de364e2d99d701b3ebae7 excluding user: 632086f95cb26323114bef65
9/13/2022, 6:37:38 PM - INFO - setting isTyping for socket [id: phQlDmx6U40-RkIBAAAF]
9/13/2022, 6:37:38 PM - INFO - Broadcasting event: user-is-typing
9/13/2022, 6:37:38 PM - INFO - Broadcast to room 631de364e2d99d701b3ebae7 excluding user: 632086f95cb26323114bef65
9/13/2022, 6:37:38 PM - INFO - setting isTyping for socket [id: phQlDmx6U40-RkIBAAAF]
9/13/2022, 6:37:38 PM - INFO - Broadcasting event: user-is-typing
9/13/2022, 6:37:38 PM - INFO - Broadcast to room 631de364e2d99d701b3ebae7 excluding user: 632086f95cb26323114bef65
9/13/2022, 6:37:38 PM - INFO - setting isTyping for socket [id: phQlDmx6U40-RkIBAAAF]
9/13/2022, 6:37:38 PM - INFO - Broadcasting event: user-is-typing
9/13/2022, 6:37:38 PM - INFO - Broadcast to room 631de364e2d99d701b3ebae7 excluding user: 632086f95cb26323114bef65
9/13/2022, 6:37:38 PM - INFO - setting isTyping for socket [id: phQlDmx6U40-RkIBAAAF]
9/13/2022, 6:37:38 PM - INFO - Broadcasting event: user-is-typing
9/13/2022, 6:37:38 PM - INFO - Broadcast to room 631de364e2d99d701b3ebae7 excluding user: 632086f95cb26323114bef65
9/13/2022, 6:37:40 PM - INFO - setting isTyping for socket [id: phQlDmx6U40-RkIBAAAF]
9/13/2022, 6:37:40 PM - INFO - Broadcasting event: user-is-typing
9/13/2022, 6:37:40 PM - INFO - Broadcast to room 631de364e2d99d701b3ebae7 excluding user: 632086f95cb26323114bef65
9/13/2022, 6:37:40 PM - INFO - setting isTyping for socket [id: phQlDmx6U40-RkIBAAAF]
9/13/2022, 6:37:40 PM - INFO - Broadcasting event: user-is-typing
9/13/2022, 6:37:40 PM - INFO - Broadcast to room 631de364e2d99d701b3ebae7 excluding user: 632086f95cb26323114bef65
9/13/2022, 6:37:40 PM - INFO - setting isTyping for socket [id: phQlDmx6U40-RkIBAAAF]
9/13/2022, 6:37:40 PM - INFO - Broadcasting event: user-is-typing
9/13/2022, 6:37:40 PM - INFO - Broadcast to room 631de364e2d99d701b3ebae7 excluding user: 632086f95cb26323114bef65
9/13/2022, 6:37:40 PM - INFO - setting isTyping for socket [id: phQlDmx6U40-RkIBAAAF]
9/13/2022, 6:37:40 PM - INFO - Broadcasting event: user-is-typing
9/13/2022, 6:37:40 PM - INFO - Broadcast to room 631de364e2d99d701b3ebae7 excluding user: 632086f95cb26323114bef65
9/13/2022, 6:37:41 PM - INFO - setting isTyping for socket [id: phQlDmx6U40-RkIBAAAF]
9/13/2022, 6:37:41 PM - INFO - Broadcasting event: user-is-typing
9/13/2022, 6:37:41 PM - INFO - Broadcast to room 631de364e2d99d701b3ebae7 excluding user: 632086f95cb26323114bef65
9/13/2022, 6:37:41 PM - INFO - setting isTyping for socket [id: phQlDmx6U40-RkIBAAAF]
9/13/2022, 6:37:41 PM - INFO - Broadcasting event: user-is-typing
9/13/2022, 6:37:41 PM - INFO - Broadcast to room 631de364e2d99d701b3ebae7 excluding user: 632086f95cb26323114bef65
9/13/2022, 6:37:41 PM - INFO - setting isTyping for socket [id: phQlDmx6U40-RkIBAAAF]
9/13/2022, 6:37:41 PM - INFO - Broadcasting event: user-is-typing
9/13/2022, 6:37:41 PM - INFO - Broadcast to room 631de364e2d99d701b3ebae7 excluding user: 632086f95cb26323114bef65
9/13/2022, 6:37:41 PM - INFO - setting isTyping for socket [id: phQlDmx6U40-RkIBAAAF]
9/13/2022, 6:37:41 PM - INFO - Broadcasting event: user-is-typing
9/13/2022, 6:37:41 PM - INFO - Broadcast to room 631de364e2d99d701b3ebae7 excluding user: 632086f95cb26323114bef65
9/13/2022, 6:37:41 PM - INFO - setting isTyping for socket [id: phQlDmx6U40-RkIBAAAF]
9/13/2022, 6:37:41 PM - INFO - Broadcasting event: user-is-typing
9/13/2022, 6:37:41 PM - INFO - Broadcast to room 631de364e2d99d701b3ebae7 excluding user: 632086f95cb26323114bef65
9/13/2022, 6:37:41 PM - INFO - setting isTyping for socket [id: phQlDmx6U40-RkIBAAAF]
9/13/2022, 6:37:41 PM - INFO - Broadcasting event: user-is-typing
9/13/2022, 6:37:41 PM - INFO - Broadcast to room 631de364e2d99d701b3ebae7 excluding user: 632086f95cb26323114bef65
9/13/2022, 6:37:41 PM - INFO - setting isTyping for socket [id: phQlDmx6U40-RkIBAAAF]
9/13/2022, 6:37:41 PM - INFO - Broadcasting event: user-is-typing
9/13/2022, 6:37:41 PM - INFO - Broadcast to room 631de364e2d99d701b3ebae7 excluding user: 632086f95cb26323114bef65
9/13/2022, 6:38:08 PM - INFO - Socket disconnected [id: undefined]
9/13/2022, 6:38:09 PM - INFO - New connected socket [id: xeP7Qx3BXL7Nkk5HAAAJ]
9/13/2022, 6:38:09 PM - DEBUG - Getting Toys
9/13/2022, 6:38:09 PM - INFO - Req was made
9/13/2022, 6:38:09 PM - INFO - Setting socket.userId = 632086f95cb26323114bef65 for socket [id: xeP7Qx3BXL7Nkk5HAAAJ]
9/13/2022, 6:38:09 PM - INFO - Socket disconnected [id: undefined]
9/13/2022, 6:38:10 PM - INFO - New connected socket [id: j0dauZd-2KZqPm5hAAAL]
9/13/2022, 6:38:10 PM - DEBUG - Getting Toys
9/13/2022, 6:38:10 PM - INFO - Req was made
9/13/2022, 6:38:10 PM - INFO - Setting socket.userId = 631f5ee4261db00d8f29e718 for socket [id: j0dauZd-2KZqPm5hAAAL]
9/13/2022, 6:38:12 PM - INFO - setting isTyping for socket [id: xeP7Qx3BXL7Nkk5HAAAJ]
9/13/2022, 6:38:12 PM - INFO - Broadcasting event: user-is-typing
9/13/2022, 6:38:12 PM - INFO - Broadcast to room 631de364e2d99d701b3ebae7 excluding user: 632086f95cb26323114bef65
9/13/2022, 6:38:12 PM - INFO - setting isTyping for socket [id: xeP7Qx3BXL7Nkk5HAAAJ]
9/13/2022, 6:38:12 PM - INFO - Broadcasting event: user-is-typing
9/13/2022, 6:38:12 PM - INFO - Broadcast to room 631de364e2d99d701b3ebae7 excluding user: 632086f95cb26323114bef65
9/13/2022, 6:38:12 PM - INFO - setting isTyping for socket [id: xeP7Qx3BXL7Nkk5HAAAJ]
9/13/2022, 6:38:12 PM - INFO - Broadcasting event: user-is-typing
9/13/2022, 6:38:12 PM - INFO - Broadcast to room 631de364e2d99d701b3ebae7 excluding user: 632086f95cb26323114bef65
9/13/2022, 6:38:13 PM - INFO - setting isTyping for socket [id: xeP7Qx3BXL7Nkk5HAAAJ]
9/13/2022, 6:38:13 PM - INFO - Broadcasting event: user-is-typing
9/13/2022, 6:38:13 PM - INFO - Broadcast to room 631de364e2d99d701b3ebae7 excluding user: 632086f95cb26323114bef65
9/13/2022, 6:38:13 PM - INFO - setting isTyping for socket [id: xeP7Qx3BXL7Nkk5HAAAJ]
9/13/2022, 6:38:13 PM - INFO - Broadcasting event: user-is-typing
9/13/2022, 6:38:13 PM - INFO - Broadcast to room 631de364e2d99d701b3ebae7 excluding user: 632086f95cb26323114bef65
9/13/2022, 6:39:05 PM - INFO - Socket disconnected [id: undefined]
9/13/2022, 6:39:06 PM - INFO - New connected socket [id: yqpyyxKQCFxqRyy8AAAN]
9/13/2022, 6:39:06 PM - DEBUG - Getting Toys
9/13/2022, 6:39:06 PM - INFO - Req was made
9/13/2022, 6:39:06 PM - INFO - Setting socket.userId = 632086f95cb26323114bef65 for socket [id: yqpyyxKQCFxqRyy8AAAN]
9/13/2022, 6:39:07 PM - INFO - Socket disconnected [id: undefined]
9/13/2022, 6:39:07 PM - INFO - New connected socket [id: EchJ3ThfmnwycQSMAAAP]
9/13/2022, 6:39:07 PM - DEBUG - Getting Toys
9/13/2022, 6:39:08 PM - INFO - Req was made
9/13/2022, 6:39:08 PM - INFO - Setting socket.userId = 631f5ee4261db00d8f29e718 for socket [id: EchJ3ThfmnwycQSMAAAP]
9/13/2022, 6:39:09 PM - INFO - setting isTyping for socket [id: yqpyyxKQCFxqRyy8AAAN]
9/13/2022, 6:39:09 PM - INFO - Broadcasting event: user-is-typing
9/13/2022, 6:39:09 PM - INFO - Broadcast to room 631de364e2d99d701b3ebae7 excluding user: 632086f95cb26323114bef65
9/13/2022, 6:39:09 PM - INFO - setting isTyping for socket [id: yqpyyxKQCFxqRyy8AAAN]
9/13/2022, 6:39:09 PM - INFO - Broadcasting event: user-is-typing
9/13/2022, 6:39:09 PM - INFO - Broadcast to room 631de364e2d99d701b3ebae7 excluding user: 632086f95cb26323114bef65
9/13/2022, 6:39:09 PM - INFO - setting isTyping for socket [id: yqpyyxKQCFxqRyy8AAAN]
9/13/2022, 6:39:09 PM - INFO - Broadcasting event: user-is-typing
9/13/2022, 6:39:09 PM - INFO - Broadcast to room 631de364e2d99d701b3ebae7 excluding user: 632086f95cb26323114bef65
9/13/2022, 6:39:09 PM - INFO - setting isTyping for socket [id: yqpyyxKQCFxqRyy8AAAN]
9/13/2022, 6:39:09 PM - INFO - Broadcasting event: user-is-typing
9/13/2022, 6:39:09 PM - INFO - Broadcast to room 631de364e2d99d701b3ebae7 excluding user: 632086f95cb26323114bef65
9/13/2022, 6:39:09 PM - INFO - setting isTyping for socket [id: yqpyyxKQCFxqRyy8AAAN]
9/13/2022, 6:39:09 PM - INFO - Broadcasting event: user-is-typing
9/13/2022, 6:39:09 PM - INFO - Broadcast to room 631de364e2d99d701b3ebae7 excluding user: 632086f95cb26323114bef65
9/13/2022, 6:39:25 PM - INFO - setting isTyping for socket [id: yqpyyxKQCFxqRyy8AAAN]
9/13/2022, 6:39:25 PM - INFO - Broadcasting event: user-is-typing
9/13/2022, 6:39:25 PM - INFO - Broadcast to room 631de364e2d99d701b3ebae7 excluding user: 632086f95cb26323114bef65
9/13/2022, 6:39:25 PM - INFO - setting isTyping for socket [id: yqpyyxKQCFxqRyy8AAAN]
9/13/2022, 6:39:25 PM - INFO - Broadcasting event: user-is-typing
9/13/2022, 6:39:25 PM - INFO - Broadcast to room 631de364e2d99d701b3ebae7 excluding user: 632086f95cb26323114bef65
9/13/2022, 6:39:25 PM - INFO - setting isTyping for socket [id: yqpyyxKQCFxqRyy8AAAN]
9/13/2022, 6:39:25 PM - INFO - Broadcasting event: user-is-typing
9/13/2022, 6:39:25 PM - INFO - Broadcast to room 631de364e2d99d701b3ebae7 excluding user: 632086f95cb26323114bef65
9/13/2022, 6:39:27 PM - INFO - setting isTyping for socket [id: yqpyyxKQCFxqRyy8AAAN]
9/13/2022, 6:39:27 PM - INFO - Broadcasting event: user-is-typing
9/13/2022, 6:39:27 PM - INFO - Broadcast to room 631de364e2d99d701b3ebae7 excluding user: 632086f95cb26323114bef65
9/13/2022, 6:39:27 PM - INFO - setting isTyping for socket [id: yqpyyxKQCFxqRyy8AAAN]
9/13/2022, 6:39:27 PM - INFO - Broadcasting event: user-is-typing
9/13/2022, 6:39:27 PM - INFO - Broadcast to room 631de364e2d99d701b3ebae7 excluding user: 632086f95cb26323114bef65
9/13/2022, 6:39:28 PM - INFO - setting isTyping for socket [id: yqpyyxKQCFxqRyy8AAAN]
9/13/2022, 6:39:28 PM - INFO - Broadcasting event: user-is-typing
9/13/2022, 6:39:28 PM - INFO - Broadcast to room 631de364e2d99d701b3ebae7 excluding user: 632086f95cb26323114bef65
9/13/2022, 6:39:54 PM - INFO - Socket disconnected [id: undefined]
9/13/2022, 6:39:54 PM - INFO - New connected socket [id: 9P4X6hkOP2OgrO2vAAAR]
9/13/2022, 6:39:55 PM - DEBUG - Getting Toys
9/13/2022, 6:39:55 PM - INFO - Req was made
9/13/2022, 6:39:55 PM - INFO - Setting socket.userId = 632086f95cb26323114bef65 for socket [id: 9P4X6hkOP2OgrO2vAAAR]
9/13/2022, 6:39:55 PM - INFO - Socket disconnected [id: undefined]
9/13/2022, 6:39:55 PM - INFO - New connected socket [id: OnysNi_4bAqlcy2xAAAT]
9/13/2022, 6:39:56 PM - DEBUG - Getting Toys
9/13/2022, 6:39:56 PM - INFO - Req was made
9/13/2022, 6:39:56 PM - INFO - Setting socket.userId = 631f5ee4261db00d8f29e718 for socket [id: OnysNi_4bAqlcy2xAAAT]
9/13/2022, 6:39:59 PM - INFO - setting isTyping for socket [id: 9P4X6hkOP2OgrO2vAAAR]
9/13/2022, 6:39:59 PM - INFO - Broadcasting event: user-is-typing
9/13/2022, 6:39:59 PM - INFO - Broadcast to room 631de364e2d99d701b3ebae7 excluding user: 632086f95cb26323114bef65
9/13/2022, 6:40:00 PM - INFO - setting isTyping for socket [id: 9P4X6hkOP2OgrO2vAAAR]
9/13/2022, 6:40:00 PM - INFO - Broadcasting event: user-is-typing
9/13/2022, 6:40:00 PM - INFO - Broadcast to room 631de364e2d99d701b3ebae7 excluding user: 632086f95cb26323114bef65
9/13/2022, 6:40:01 PM - INFO - setting isTyping for socket [id: 9P4X6hkOP2OgrO2vAAAR]
9/13/2022, 6:40:01 PM - INFO - Broadcasting event: user-is-typing
9/13/2022, 6:40:01 PM - INFO - Broadcast to room 631de364e2d99d701b3ebae7 excluding user: 632086f95cb26323114bef65
9/13/2022, 6:45:50 PM - INFO - Socket disconnected [id: undefined]
9/13/2022, 6:45:51 PM - INFO - New connected socket [id: Lw9gcN5sUFvhqA3SAAAV]
9/13/2022, 6:45:51 PM - DEBUG - Getting Toys
9/13/2022, 6:45:51 PM - INFO - Req was made
9/13/2022, 6:45:51 PM - INFO - Setting socket.userId = 631f5ee4261db00d8f29e718 for socket [id: Lw9gcN5sUFvhqA3SAAAV]
9/13/2022, 6:45:51 PM - INFO - Socket disconnected [id: undefined]
9/13/2022, 6:45:52 PM - INFO - New connected socket [id: VWRDnPyYNXMR1cTlAAAX]
9/13/2022, 6:45:52 PM - DEBUG - Getting Toys
9/13/2022, 6:45:52 PM - INFO - Req was made
9/13/2022, 6:45:52 PM - INFO - Setting socket.userId = 632086f95cb26323114bef65 for socket [id: VWRDnPyYNXMR1cTlAAAX]
9/13/2022, 6:45:53 PM - INFO - setting isTyping for socket [id: VWRDnPyYNXMR1cTlAAAX]
9/13/2022, 6:45:53 PM - INFO - Broadcasting event: user-is-typing
9/13/2022, 6:45:53 PM - INFO - Broadcast to room 631de364e2d99d701b3ebae7 excluding user: 632086f95cb26323114bef65
9/13/2022, 6:45:53 PM - INFO - setting isTyping for socket [id: VWRDnPyYNXMR1cTlAAAX]
9/13/2022, 6:45:53 PM - INFO - Broadcasting event: user-is-typing
9/13/2022, 6:45:53 PM - INFO - Broadcast to room 631de364e2d99d701b3ebae7 excluding user: 632086f95cb26323114bef65
9/13/2022, 6:45:53 PM - INFO - setting isTyping for socket [id: VWRDnPyYNXMR1cTlAAAX]
9/13/2022, 6:45:53 PM - INFO - Broadcasting event: user-is-typing
9/13/2022, 6:45:53 PM - INFO - Broadcast to room 631de364e2d99d701b3ebae7 excluding user: 632086f95cb26323114bef65
9/13/2022, 6:45:54 PM - INFO - setting isTyping for socket [id: VWRDnPyYNXMR1cTlAAAX]
9/13/2022, 6:45:54 PM - INFO - Broadcasting event: user-is-typing
9/13/2022, 6:45:54 PM - INFO - Broadcast to room 631de364e2d99d701b3ebae7 excluding user: 632086f95cb26323114bef65
9/13/2022, 6:45:54 PM - INFO - setting isTyping for socket [id: VWRDnPyYNXMR1cTlAAAX]
9/13/2022, 6:45:54 PM - INFO - Broadcasting event: user-is-typing
9/13/2022, 6:45:54 PM - INFO - Broadcast to room 631de364e2d99d701b3ebae7 excluding user: 632086f95cb26323114bef65
9/13/2022, 6:47:21 PM - INFO - Socket disconnected [id: undefined]
9/13/2022, 6:47:21 PM - INFO - Socket disconnected [id: undefined]
9/13/2022, 6:47:21 PM - INFO - New connected socket [id: RIS_bLYQlzIfuYZQAAAZ]
9/13/2022, 6:47:22 PM - DEBUG - Getting Toys
9/13/2022, 6:47:22 PM - INFO - Req was made
9/13/2022, 6:47:22 PM - INFO - Setting socket.userId = 631f5ee4261db00d8f29e718 for socket [id: RIS_bLYQlzIfuYZQAAAZ]
9/13/2022, 6:47:22 PM - INFO - New connected socket [id: K7Zhr9wu6KkCYCjLAAAb]
9/13/2022, 6:47:22 PM - DEBUG - Getting Toys
9/13/2022, 6:47:22 PM - INFO - Req was made
9/13/2022, 6:47:22 PM - INFO - Setting socket.userId = 632086f95cb26323114bef65 for socket [id: K7Zhr9wu6KkCYCjLAAAb]
9/13/2022, 6:47:23 PM - INFO - setting isTyping for socket [id: K7Zhr9wu6KkCYCjLAAAb]
9/13/2022, 6:47:23 PM - INFO - Broadcasting event: user-is-typing
9/13/2022, 6:47:23 PM - INFO - Broadcast to room 631de364e2d99d701b3ebae7 excluding user: 632086f95cb26323114bef65
9/13/2022, 6:47:23 PM - INFO - setting isTyping for socket [id: K7Zhr9wu6KkCYCjLAAAb]
9/13/2022, 6:47:23 PM - INFO - Broadcasting event: user-is-typing
9/13/2022, 6:47:23 PM - INFO - Broadcast to room 631de364e2d99d701b3ebae7 excluding user: 632086f95cb26323114bef65
9/13/2022, 6:47:23 PM - INFO - setting isTyping for socket [id: K7Zhr9wu6KkCYCjLAAAb]
9/13/2022, 6:47:23 PM - INFO - Broadcasting event: user-is-typing
9/13/2022, 6:47:23 PM - INFO - Broadcast to room 631de364e2d99d701b3ebae7 excluding user: 632086f95cb26323114bef65
9/13/2022, 6:47:24 PM - INFO - setting isTyping for socket [id: K7Zhr9wu6KkCYCjLAAAb]
9/13/2022, 6:47:24 PM - INFO - Broadcasting event: user-is-typing
9/13/2022, 6:47:24 PM - INFO - Broadcast to room 631de364e2d99d701b3ebae7 excluding user: 632086f95cb26323114bef65
9/13/2022, 6:47:24 PM - INFO - setting isTyping for socket [id: K7Zhr9wu6KkCYCjLAAAb]
9/13/2022, 6:47:24 PM - INFO - Broadcasting event: user-is-typing
9/13/2022, 6:47:24 PM - INFO - Broadcast to room 631de364e2d99d701b3ebae7 excluding user: 632086f95cb26323114bef65
9/13/2022, 6:59:01 PM - INFO - Socket disconnected [id: undefined]
9/13/2022, 6:59:01 PM - INFO - New connected socket [id: LplkJL594CvPMd8YAAAd]
9/13/2022, 6:59:02 PM - DEBUG - Getting Toys
9/13/2022, 6:59:02 PM - INFO - Setting socket.userId = 631f5ee4261db00d8f29e718 for socket [id: LplkJL594CvPMd8YAAAd]
9/13/2022, 6:59:02 PM - INFO - Req was made
9/13/2022, 6:59:02 PM - INFO - Socket disconnected [id: undefined]
9/13/2022, 6:59:03 PM - INFO - New connected socket [id: ffr_wyo3L7NZzFv0AAAf]
9/13/2022, 6:59:03 PM - DEBUG - Getting Toys
9/13/2022, 6:59:03 PM - INFO - Req was made
9/13/2022, 6:59:03 PM - INFO - Setting socket.userId = 632086f95cb26323114bef65 for socket [id: ffr_wyo3L7NZzFv0AAAf]
9/13/2022, 6:59:04 PM - INFO - setting isTyping for socket [id: ffr_wyo3L7NZzFv0AAAf]
9/13/2022, 6:59:04 PM - INFO - Broadcasting event: user-is-typing
9/13/2022, 6:59:04 PM - INFO - Broadcast to room 631de364e2d99d701b3ebae7 excluding user: 632086f95cb26323114bef65
9/13/2022, 6:59:04 PM - INFO - setting isTyping for socket [id: ffr_wyo3L7NZzFv0AAAf]
9/13/2022, 6:59:04 PM - INFO - Broadcasting event: user-is-typing
9/13/2022, 6:59:04 PM - INFO - Broadcast to room 631de364e2d99d701b3ebae7 excluding user: 632086f95cb26323114bef65
9/13/2022, 6:59:05 PM - INFO - setting isTyping for socket [id: ffr_wyo3L7NZzFv0AAAf]
9/13/2022, 6:59:05 PM - INFO - Broadcasting event: user-is-typing
9/13/2022, 6:59:05 PM - INFO - Broadcast to room 631de364e2d99d701b3ebae7 excluding user: 632086f95cb26323114bef65
9/13/2022, 6:59:11 PM - INFO - setting isTyping for socket [id: ffr_wyo3L7NZzFv0AAAf]
9/13/2022, 6:59:11 PM - INFO - Broadcasting event: user-is-typing
9/13/2022, 6:59:11 PM - INFO - Broadcast to room 631de364e2d99d701b3ebae7 excluding user: 632086f95cb26323114bef65
9/13/2022, 6:59:12 PM - INFO - setting isTyping for socket [id: ffr_wyo3L7NZzFv0AAAf]
9/13/2022, 6:59:12 PM - INFO - Broadcasting event: user-is-typing
9/13/2022, 6:59:12 PM - INFO - Broadcast to room 631de364e2d99d701b3ebae7 excluding user: 632086f95cb26323114bef65
9/13/2022, 7:01:06 PM - INFO - Socket disconnected [id: undefined]
9/13/2022, 7:01:06 PM - INFO - Socket disconnected [id: undefined]
9/13/2022, 7:01:07 PM - DEBUG - Getting Toys
9/13/2022, 7:01:07 PM - INFO - New connected socket [id: xu0XOWASG7PD4D2KAAAh]
9/13/2022, 7:01:07 PM - INFO - Setting socket.userId = 632086f95cb26323114bef65 for socket [id: xu0XOWASG7PD4D2KAAAh]
9/13/2022, 7:01:07 PM - INFO - Req was made
9/13/2022, 7:01:07 PM - INFO - New connected socket [id: 9FSpg2BUsusb77t3AAAj]
9/13/2022, 7:01:08 PM - DEBUG - Getting Toys
9/13/2022, 7:01:08 PM - INFO - Req was made
9/13/2022, 7:01:08 PM - INFO - Setting socket.userId = 631f5ee4261db00d8f29e718 for socket [id: 9FSpg2BUsusb77t3AAAj]
9/13/2022, 7:01:45 PM - INFO - Socket disconnected [id: undefined]
9/13/2022, 7:01:46 PM - INFO - Socket disconnected [id: undefined]
9/13/2022, 7:01:46 PM - INFO - New connected socket [id: 0oQz4E0b3PDNn9aUAAAl]
9/13/2022, 7:01:46 PM - DEBUG - Getting Toys
9/13/2022, 7:01:47 PM - INFO - Req was made
9/13/2022, 7:01:47 PM - INFO - New connected socket [id: ehtlPXxnriyA9TK8AAAn]
9/13/2022, 7:01:47 PM - INFO - Setting socket.userId = 632086f95cb26323114bef65 for socket [id: 0oQz4E0b3PDNn9aUAAAl]
9/13/2022, 7:01:47 PM - DEBUG - Getting Toys
9/13/2022, 7:01:47 PM - INFO - Setting socket.userId = 631f5ee4261db00d8f29e718 for socket [id: ehtlPXxnriyA9TK8AAAn]
9/13/2022, 7:01:47 PM - INFO - Req was made
9/13/2022, 7:01:48 PM - INFO - setting isTyping for socket [id: 0oQz4E0b3PDNn9aUAAAl]
9/13/2022, 7:01:48 PM - INFO - Broadcasting event: user-is-typing
9/13/2022, 7:01:48 PM - INFO - Broadcast to room 631de364e2d99d701b3ebae7 excluding user: 632086f95cb26323114bef65
9/13/2022, 7:01:49 PM - INFO - setting isTyping for socket [id: 0oQz4E0b3PDNn9aUAAAl]
9/13/2022, 7:01:49 PM - INFO - Broadcasting event: user-is-typing
9/13/2022, 7:01:49 PM - INFO - Broadcast to room 631de364e2d99d701b3ebae7 excluding user: 632086f95cb26323114bef65
9/13/2022, 7:01:51 PM - INFO - setting isTyping for socket [id: 0oQz4E0b3PDNn9aUAAAl]
9/13/2022, 7:01:51 PM - INFO - Broadcasting event: user-is-typing
9/13/2022, 7:01:51 PM - INFO - Broadcast to room 631de364e2d99d701b3ebae7 excluding user: 632086f95cb26323114bef65
9/13/2022, 7:03:41 PM - INFO - Socket disconnected [id: undefined]
9/13/2022, 7:03:42 PM - INFO - New connected socket [id: 6ayzUAscPWX1NTNvAAAp]
9/13/2022, 7:03:42 PM - DEBUG - Getting Toys
9/13/2022, 7:03:42 PM - INFO - Setting socket.userId = 632086f95cb26323114bef65 for socket [id: 6ayzUAscPWX1NTNvAAAp]
9/13/2022, 7:03:42 PM - INFO - Socket disconnected [id: undefined]
9/13/2022, 7:03:43 PM - INFO - Req was made
9/13/2022, 7:03:43 PM - INFO - New connected socket [id: UeTMCk6J4vTV5NwHAAAr]
9/13/2022, 7:03:43 PM - DEBUG - Getting Toys
9/13/2022, 7:03:44 PM - INFO - Req was made
9/13/2022, 7:03:44 PM - INFO - Setting socket.userId = 631f5ee4261db00d8f29e718 for socket [id: UeTMCk6J4vTV5NwHAAAr]
9/13/2022, 7:03:45 PM - INFO - setting isTyping for socket [id: 6ayzUAscPWX1NTNvAAAp]
9/13/2022, 7:03:45 PM - INFO - Broadcasting event: user-is-typing
9/13/2022, 7:03:45 PM - INFO - Broadcast to room 631de364e2d99d701b3ebae7 excluding user: 632086f95cb26323114bef65
9/13/2022, 7:03:45 PM - INFO - setting isTyping for socket [id: 6ayzUAscPWX1NTNvAAAp]
9/13/2022, 7:03:45 PM - INFO - Broadcasting event: user-is-typing
9/13/2022, 7:03:45 PM - INFO - Broadcast to room 631de364e2d99d701b3ebae7 excluding user: 632086f95cb26323114bef65
9/13/2022, 7:03:45 PM - INFO - setting isTyping for socket [id: 6ayzUAscPWX1NTNvAAAp]
9/13/2022, 7:03:45 PM - INFO - Broadcasting event: user-is-typing
9/13/2022, 7:03:45 PM - INFO - Broadcast to room 631de364e2d99d701b3ebae7 excluding user: 632086f95cb26323114bef65
9/13/2022, 7:03:46 PM - INFO - setting isTyping for socket [id: 6ayzUAscPWX1NTNvAAAp]
9/13/2022, 7:03:46 PM - INFO - Broadcasting event: user-is-typing
9/13/2022, 7:03:46 PM - INFO - Broadcast to room 631de364e2d99d701b3ebae7 excluding user: 632086f95cb26323114bef65
9/13/2022, 7:03:46 PM - INFO - setting isTyping for socket [id: 6ayzUAscPWX1NTNvAAAp]
9/13/2022, 7:03:46 PM - INFO - Broadcasting event: user-is-typing
9/13/2022, 7:03:46 PM - INFO - Broadcast to room 631de364e2d99d701b3ebae7 excluding user: 632086f95cb26323114bef65
9/13/2022, 7:04:50 PM - INFO - Socket disconnected [id: undefined]
9/13/2022, 7:04:51 PM - INFO - Socket disconnected [id: undefined]
9/13/2022, 7:04:51 PM - INFO - New connected socket [id: tXe2QF4ckVvBQSeVAAAt]
9/13/2022, 7:04:51 PM - DEBUG - Getting Toys
9/13/2022, 7:04:51 PM - INFO - Setting socket.userId = 632086f95cb26323114bef65 for socket [id: tXe2QF4ckVvBQSeVAAAt]
9/13/2022, 7:04:52 PM - INFO - Req was made
9/13/2022, 7:04:52 PM - INFO - New connected socket [id: 0hl3J3QJcQi4D20HAAAv]
9/13/2022, 7:04:52 PM - DEBUG - Getting Toys
9/13/2022, 7:04:52 PM - INFO - Setting socket.userId = 631f5ee4261db00d8f29e718 for socket [id: 0hl3J3QJcQi4D20HAAAv]
9/13/2022, 7:04:52 PM - INFO - Req was made
9/13/2022, 7:04:55 PM - INFO - setting isTyping for socket [id: tXe2QF4ckVvBQSeVAAAt]
9/13/2022, 7:04:55 PM - INFO - Broadcasting event: user-is-typing
9/13/2022, 7:04:55 PM - INFO - Broadcast to room 631de364e2d99d701b3ebae7 excluding user: 632086f95cb26323114bef65
9/13/2022, 7:04:56 PM - INFO - setting isTyping for socket [id: tXe2QF4ckVvBQSeVAAAt]
9/13/2022, 7:04:56 PM - INFO - Broadcasting event: user-is-typing
9/13/2022, 7:04:56 PM - INFO - Broadcast to room 631de364e2d99d701b3ebae7 excluding user: 632086f95cb26323114bef65
9/13/2022, 7:05:06 PM - INFO - setting isTyping for socket [id: tXe2QF4ckVvBQSeVAAAt]
9/13/2022, 7:05:06 PM - INFO - Broadcasting event: user-is-typing
9/13/2022, 7:05:06 PM - INFO - Broadcast to room 631de364e2d99d701b3ebae7 excluding user: 632086f95cb26323114bef65
9/13/2022, 7:05:49 PM - INFO - setting isTyping for socket [id: tXe2QF4ckVvBQSeVAAAt]
9/13/2022, 7:05:49 PM - INFO - Broadcasting event: user-is-typing
9/13/2022, 7:05:49 PM - INFO - Broadcast to room 631de364e2d99d701b3ebae7 excluding user: 632086f95cb26323114bef65
9/13/2022, 7:05:51 PM - INFO - setting isTyping for socket [id: tXe2QF4ckVvBQSeVAAAt]
9/13/2022, 7:05:51 PM - INFO - Broadcasting event: user-is-typing
9/13/2022, 7:05:51 PM - INFO - Broadcast to room 631de364e2d99d701b3ebae7 excluding user: 632086f95cb26323114bef65
9/13/2022, 7:05:52 PM - INFO - setting isTyping for socket [id: tXe2QF4ckVvBQSeVAAAt]
9/13/2022, 7:05:52 PM - INFO - Broadcasting event: user-is-typing
9/13/2022, 7:05:52 PM - INFO - Broadcast to room 631de364e2d99d701b3ebae7 excluding user: 632086f95cb26323114bef65
9/13/2022, 7:05:52 PM - INFO - setting isTyping for socket [id: tXe2QF4ckVvBQSeVAAAt]
9/13/2022, 7:05:52 PM - INFO - Broadcasting event: user-is-typing
9/13/2022, 7:05:52 PM - INFO - Broadcast to room 631de364e2d99d701b3ebae7 excluding user: 632086f95cb26323114bef65
9/13/2022, 7:05:53 PM - INFO - setting isTyping for socket [id: tXe2QF4ckVvBQSeVAAAt]
9/13/2022, 7:05:53 PM - INFO - Broadcasting event: user-is-typing
9/13/2022, 7:05:53 PM - INFO - Broadcast to room 631de364e2d99d701b3ebae7 excluding user: 632086f95cb26323114bef65
9/13/2022, 7:05:53 PM - INFO - setting isTyping for socket [id: tXe2QF4ckVvBQSeVAAAt]
9/13/2022, 7:05:53 PM - INFO - Broadcasting event: user-is-typing
9/13/2022, 7:05:53 PM - INFO - Broadcast to room 631de364e2d99d701b3ebae7 excluding user: 632086f95cb26323114bef65
9/13/2022, 7:05:53 PM - INFO - setting isTyping for socket [id: tXe2QF4ckVvBQSeVAAAt]
9/13/2022, 7:05:53 PM - INFO - Broadcasting event: user-is-typing
9/13/2022, 7:05:53 PM - INFO - Broadcast to room 631de364e2d99d701b3ebae7 excluding user: 632086f95cb26323114bef65
9/13/2022, 7:06:06 PM - INFO - setting isTyping for socket [id: tXe2QF4ckVvBQSeVAAAt]
9/13/2022, 7:06:06 PM - INFO - Broadcasting event: user-is-typing
9/13/2022, 7:06:06 PM - INFO - Broadcast to room 631de364e2d99d701b3ebae7 excluding user: 632086f95cb26323114bef65
9/13/2022, 7:06:06 PM - INFO - setting isTyping for socket [id: tXe2QF4ckVvBQSeVAAAt]
9/13/2022, 7:06:06 PM - INFO - Broadcasting event: user-is-typing
9/13/2022, 7:06:06 PM - INFO - Broadcast to room 631de364e2d99d701b3ebae7 excluding user: 632086f95cb26323114bef65
9/13/2022, 7:06:07 PM - INFO - setting isTyping for socket [id: tXe2QF4ckVvBQSeVAAAt]
9/13/2022, 7:06:07 PM - INFO - Broadcasting event: user-is-typing
9/13/2022, 7:06:07 PM - INFO - Broadcast to room 631de364e2d99d701b3ebae7 excluding user: 632086f95cb26323114bef65
9/13/2022, 7:06:07 PM - INFO - setting isTyping for socket [id: tXe2QF4ckVvBQSeVAAAt]
9/13/2022, 7:06:07 PM - INFO - Broadcasting event: user-is-typing
9/13/2022, 7:06:07 PM - INFO - Broadcast to room 631de364e2d99d701b3ebae7 excluding user: 632086f95cb26323114bef65
9/13/2022, 7:06:08 PM - INFO - setting isTyping for socket [id: tXe2QF4ckVvBQSeVAAAt]
9/13/2022, 7:06:08 PM - INFO - Broadcasting event: user-is-typing
9/13/2022, 7:06:08 PM - INFO - Broadcast to room 631de364e2d99d701b3ebae7 excluding user: 632086f95cb26323114bef65
9/13/2022, 7:06:08 PM - INFO - setting isTyping for socket [id: tXe2QF4ckVvBQSeVAAAt]
9/13/2022, 7:06:08 PM - INFO - Broadcasting event: user-is-typing
9/13/2022, 7:06:08 PM - INFO - Broadcast to room 631de364e2d99d701b3ebae7 excluding user: 632086f95cb26323114bef65
9/13/2022, 7:06:08 PM - INFO - setting isTyping for socket [id: tXe2QF4ckVvBQSeVAAAt]
9/13/2022, 7:06:08 PM - INFO - Broadcasting event: user-is-typing
9/13/2022, 7:06:08 PM - INFO - Broadcast to room 631de364e2d99d701b3ebae7 excluding user: 632086f95cb26323114bef65
9/13/2022, 7:06:13 PM - INFO - setting isTyping for socket [id: tXe2QF4ckVvBQSeVAAAt]
9/13/2022, 7:06:13 PM - INFO - Broadcasting event: user-is-typing
9/13/2022, 7:06:13 PM - INFO - Broadcast to room 631de364e2d99d701b3ebae7 excluding user: 632086f95cb26323114bef65
9/13/2022, 7:06:13 PM - INFO - setting isTyping for socket [id: tXe2QF4ckVvBQSeVAAAt]
9/13/2022, 7:06:13 PM - INFO - Broadcasting event: user-is-typing
9/13/2022, 7:06:13 PM - INFO - Broadcast to room 631de364e2d99d701b3ebae7 excluding user: 632086f95cb26323114bef65
9/13/2022, 7:06:13 PM - INFO - setting isTyping for socket [id: tXe2QF4ckVvBQSeVAAAt]
9/13/2022, 7:06:13 PM - INFO - Broadcasting event: user-is-typing
9/13/2022, 7:06:13 PM - INFO - Broadcast to room 631de364e2d99d701b3ebae7 excluding user: 632086f95cb26323114bef65
9/13/2022, 7:06:16 PM - INFO - setting isTyping for socket [id: tXe2QF4ckVvBQSeVAAAt]
9/13/2022, 7:06:16 PM - INFO - Broadcasting event: user-is-typing
9/13/2022, 7:06:16 PM - INFO - Broadcast to room 631de364e2d99d701b3ebae7 excluding user: 632086f95cb26323114bef65
9/13/2022, 7:06:16 PM - INFO - setting isTyping for socket [id: tXe2QF4ckVvBQSeVAAAt]
9/13/2022, 7:06:16 PM - INFO - Broadcasting event: user-is-typing
9/13/2022, 7:06:16 PM - INFO - Broadcast to room 631de364e2d99d701b3ebae7 excluding user: 632086f95cb26323114bef65
9/13/2022, 7:06:17 PM - INFO - setting isTyping for socket [id: tXe2QF4ckVvBQSeVAAAt]
9/13/2022, 7:06:17 PM - INFO - Broadcasting event: user-is-typing
9/13/2022, 7:06:17 PM - INFO - Broadcast to room 631de364e2d99d701b3ebae7 excluding user: 632086f95cb26323114bef65
9/13/2022, 7:06:17 PM - INFO - setting isTyping for socket [id: tXe2QF4ckVvBQSeVAAAt]
9/13/2022, 7:06:17 PM - INFO - Broadcasting event: user-is-typing
9/13/2022, 7:06:17 PM - INFO - Broadcast to room 631de364e2d99d701b3ebae7 excluding user: 632086f95cb26323114bef65
9/13/2022, 7:06:18 PM - INFO - setting isTyping for socket [id: tXe2QF4ckVvBQSeVAAAt]
9/13/2022, 7:06:18 PM - INFO - Broadcasting event: user-is-typing
9/13/2022, 7:06:18 PM - INFO - Broadcast to room 631de364e2d99d701b3ebae7 excluding user: 632086f95cb26323114bef65
9/13/2022, 7:06:18 PM - INFO - setting isTyping for socket [id: tXe2QF4ckVvBQSeVAAAt]
9/13/2022, 7:06:18 PM - INFO - Broadcasting event: user-is-typing
9/13/2022, 7:06:18 PM - INFO - Broadcast to room 631de364e2d99d701b3ebae7 excluding user: 632086f95cb26323114bef65
9/13/2022, 7:06:18 PM - INFO - setting isTyping for socket [id: tXe2QF4ckVvBQSeVAAAt]
9/13/2022, 7:06:18 PM - INFO - Broadcasting event: user-is-typing
9/13/2022, 7:06:18 PM - INFO - Broadcast to room 631de364e2d99d701b3ebae7 excluding user: 632086f95cb26323114bef65
9/13/2022, 7:06:18 PM - INFO - setting isTyping for socket [id: tXe2QF4ckVvBQSeVAAAt]
9/13/2022, 7:06:18 PM - INFO - Broadcasting event: user-is-typing
9/13/2022, 7:06:18 PM - INFO - Broadcast to room 631de364e2d99d701b3ebae7 excluding user: 632086f95cb26323114bef65
9/13/2022, 7:06:26 PM - INFO - Socket disconnected [id: undefined]
9/13/2022, 7:06:27 PM - INFO - New connected socket [id: hu2e7Vczmqo_SCrhAAAx]
9/13/2022, 7:06:27 PM - DEBUG - Getting Toys
9/13/2022, 7:06:27 PM - INFO - Socket disconnected [id: undefined]
9/13/2022, 7:06:27 PM - INFO - Setting socket.userId = 632086f95cb26323114bef65 for socket [id: hu2e7Vczmqo_SCrhAAAx]
9/13/2022, 7:06:27 PM - INFO - Req was made
9/13/2022, 7:06:28 PM - INFO - New connected socket [id: 4DFFKi8132gWr_DYAAAz]
9/13/2022, 7:06:28 PM - DEBUG - Getting Toys
9/13/2022, 7:06:28 PM - INFO - Setting socket.userId = 631f5ee4261db00d8f29e718 for socket [id: 4DFFKi8132gWr_DYAAAz]
9/13/2022, 7:06:28 PM - INFO - Req was made
9/13/2022, 7:06:48 PM - INFO - Socket disconnected [id: undefined]
9/13/2022, 7:06:48 PM - INFO - New connected socket [id: KOLej3Eeel1AqINuAAA1]
9/13/2022, 7:06:49 PM - INFO - Socket disconnected [id: undefined]
9/13/2022, 7:06:49 PM - DEBUG - Getting Toys
9/13/2022, 7:06:49 PM - INFO - Setting socket.userId = 632086f95cb26323114bef65 for socket [id: KOLej3Eeel1AqINuAAA1]
9/13/2022, 7:06:49 PM - INFO - Req was made
9/13/2022, 7:06:49 PM - INFO - New connected socket [id: -JYlcSrp2goaiAPGAAA3]
9/13/2022, 7:06:50 PM - DEBUG - Getting Toys
9/13/2022, 7:06:50 PM - INFO - Setting socket.userId = 631f5ee4261db00d8f29e718 for socket [id: -JYlcSrp2goaiAPGAAA3]
9/13/2022, 7:06:50 PM - INFO - Req was made
9/13/2022, 7:06:51 PM - INFO - setting isTyping for socket [id: KOLej3Eeel1AqINuAAA1]
9/13/2022, 7:06:51 PM - INFO - Broadcasting event: user-is-typing
9/13/2022, 7:06:51 PM - INFO - Broadcast to room 631de364e2d99d701b3ebae7 excluding user: 632086f95cb26323114bef65
9/13/2022, 7:06:53 PM - INFO - setting isTyping for socket [id: KOLej3Eeel1AqINuAAA1]
9/13/2022, 7:06:53 PM - INFO - Broadcasting event: user-is-typing
9/13/2022, 7:06:53 PM - INFO - Broadcast to room 631de364e2d99d701b3ebae7 excluding user: 632086f95cb26323114bef65
9/13/2022, 7:06:57 PM - INFO - setting isTyping for socket [id: KOLej3Eeel1AqINuAAA1]
9/13/2022, 7:06:57 PM - INFO - Broadcasting event: user-is-typing
9/13/2022, 7:06:57 PM - INFO - Broadcast to room 631de364e2d99d701b3ebae7 excluding user: 632086f95cb26323114bef65
9/13/2022, 7:06:59 PM - INFO - setting isTyping for socket [id: KOLej3Eeel1AqINuAAA1]
9/13/2022, 7:06:59 PM - INFO - Broadcasting event: user-is-typing
9/13/2022, 7:06:59 PM - INFO - Broadcast to room 631de364e2d99d701b3ebae7 excluding user: 632086f95cb26323114bef65
9/13/2022, 7:07:04 PM - INFO - setting isTyping for socket [id: KOLej3Eeel1AqINuAAA1]
9/13/2022, 7:07:04 PM - INFO - Broadcasting event: user-is-typing
9/13/2022, 7:07:04 PM - INFO - Broadcast to room 631de364e2d99d701b3ebae7 excluding user: 632086f95cb26323114bef65
9/13/2022, 7:07:06 PM - INFO - setting isTyping for socket [id: KOLej3Eeel1AqINuAAA1]
9/13/2022, 7:07:06 PM - INFO - Broadcasting event: user-is-typing
9/13/2022, 7:07:06 PM - INFO - Broadcast to room 631de364e2d99d701b3ebae7 excluding user: 632086f95cb26323114bef65
9/13/2022, 7:09:06 PM - INFO - Socket disconnected [id: undefined]
9/13/2022, 7:09:06 PM - INFO - Socket disconnected [id: undefined]
9/13/2022, 7:09:08 PM - INFO - New connected socket [id: 9-s02QqE1FeMcnFOAAA6]
9/13/2022, 7:09:08 PM - INFO - New connected socket [id: sbv5HpEZ0Cp7MW-MAAA7]
9/13/2022, 9:11:57 PM - INFO - Socket disconnected [id: undefined]
9/13/2022, 9:11:57 PM - INFO - Socket disconnected [id: undefined]
9/13/2022, 9:11:58 PM - INFO - New connected socket [id: ma7UnU4bG_dbqGOkAAA9]
9/13/2022, 9:11:58 PM - INFO - New connected socket [id: ehInVdE1-OnWqmFgAAA_]
9/13/2022, 9:57:47 PM - INFO - Socket disconnected [id: undefined]
9/13/2022, 9:57:47 PM - INFO - Socket disconnected [id: undefined]
9/13/2022, 9:57:48 PM - INFO - New connected socket [id: fgFLfFsq7yjUSxGFAABB]
9/13/2022, 9:57:48 PM - INFO - New connected socket [id: WD63Ry4MkHE4HCC3AABD]
9/14/2022, 8:31:18 AM - INFO - Socket disconnected [id: undefined]
9/19/2022, 5:54:16 PM - INFO - Server is running on port: 3030
9/19/2022, 5:54:27 PM - INFO - Server is running on port: 3030
9/19/2022, 6:04:02 PM - INFO - Server is running on port: 3030
9/19/2022, 6:04:18 PM - INFO - Server is running on port: 3030
9/19/2022, 6:48:43 PM - INFO - Server is running on port: 3030
9/19/2022, 6:48:46 PM - INFO - Server is running on port: 3030
9/19/2022, 6:53:32 PM - INFO - Server is running on port: 3030
9/19/2022, 7:32:03 PM - DEBUG - Getting Boards
9/19/2022, 7:33:55 PM - ERROR - while finding board b101 | {}
9/19/2022, 7:33:55 PM - ERROR - Failed to get board | {}
9/19/2022, 7:35:57 PM - INFO - Server is running on port: 3030
9/19/2022, 7:37:08 PM - ERROR - while finding board b101 | {}
9/19/2022, 7:37:08 PM - ERROR - Failed to get board | {}
9/19/2022, 7:38:55 PM - INFO - Server is running on port: 3030
9/19/2022, 7:39:45 PM - INFO - Server is running on port: 3030
9/19/2022, 7:39:50 PM - ERROR - while finding board b101 | {}
9/19/2022, 7:39:50 PM - ERROR - Failed to get board | {}
9/19/2022, 7:40:28 PM - INFO - Server is running on port: 3030
9/19/2022, 7:40:30 PM - ERROR - while finding board b101 | {}
9/19/2022, 7:40:30 PM - ERROR - Failed to get board | {}
9/19/2022, 7:40:46 PM - INFO - Server is running on port: 3030
9/19/2022, 7:40:51 PM - ERROR - while finding board b101 | {}
9/19/2022, 7:40:51 PM - ERROR - Failed to get board | {}
9/19/2022, 7:41:03 PM - INFO - Server is running on port: 3030
9/19/2022, 7:41:07 PM - DEBUG - Getting Boards
9/19/2022, 7:41:29 PM - INFO - Server is running on port: 3030
9/19/2022, 7:41:33 PM - INFO - Server is running on port: 3030
9/19/2022, 7:54:52 PM - DEBUG - Getting Boards
9/19/2022, 7:56:56 PM - INFO - Server is running on port: 3030
9/19/2022, 8:00:46 PM - INFO - Server is running on port: 3030
9/19/2022, 8:01:10 PM - INFO - Server is running on port: 3030
9/19/2022, 8:01:21 PM - INFO - Server is running on port: 3030
9/19/2022, 8:02:09 PM - INFO - Server is running on port: 3030
9/19/2022, 8:02:12 PM - INFO - Server is running on port: 3030
9/19/2022, 8:03:43 PM - INFO - Server is running on port: 3030
9/19/2022, 8:03:49 PM - INFO - Server is running on port: 3030
9/19/2022, 8:05:05 PM - INFO - Server is running on port: 3030
9/19/2022, 8:05:30 PM - INFO - Server is running on port: 3030
9/19/2022, 8:07:05 PM - INFO - Server is running on port: 3030
9/19/2022, 8:08:10 PM - INFO - Server is running on port: 3030
9/19/2022, 8:20:13 PM - INFO - Server is running on port: 3030
9/19/2022, 8:20:38 PM - INFO - Server is running on port: 3030
9/19/2022, 8:21:04 PM - INFO - Server is running on port: 3030
9/19/2022, 8:23:03 PM - INFO - Server is running on port: 3030
9/19/2022, 8:25:23 PM - INFO - Server is running on port: 3030
9/19/2022, 8:29:23 PM - INFO - Server is running on port: 3030
9/19/2022, 8:29:52 PM - INFO - Server is running on port: 3030
9/19/2022, 8:30:01 PM - INFO - Server is running on port: 3030
9/19/2022, 8:30:26 PM - INFO - Server is running on port: 3030
9/19/2022, 8:33:26 PM - INFO - Server is running on port: 3030
9/19/2022, 8:34:06 PM - INFO - Server is running on port: 3030
9/19/2022, 8:34:44 PM - INFO - Server is running on port: 3030
9/19/2022, 8:42:13 PM - INFO - Server is running on port: 3030
9/19/2022, 8:42:17 PM - INFO - Server is running on port: 3030
9/19/2022, 8:42:20 PM - INFO - Server is running on port: 3030
9/19/2022, 8:42:24 PM - INFO - Server is running on port: 3030
9/19/2022, 9:22:04 PM - INFO - Server is running on port: 3030
9/19/2022, 9:24:50 PM - INFO - Server is running on port: 3030
9/19/2022, 9:58:16 PM - INFO - Server is running on port: 3030
9/19/2022, 10:00:15 PM - INFO - Server is running on port: 3030
